[2020/10/13 23:50:35 EDT] [INFO] (main.Svc:224) The version is :1.1.1
[2020/10/13 23:50:35 EDT] [INFO] (WeChatAlarmServer/config.loadServerConfig:30) Server config:{{ Config} 3322 ww9157f144cabcb13c 9cLpsicoUhJ9LbXrJc35SzEEuIZwb0KpjRPStYwyEZA 1000002 HanSiPeng   0 text}
[2020/10/13 23:50:35 EDT] [INFO] (WeChatAlarmServer/config.loadServerConfig:30) Server config:{{ Config} 3322 ww9157f144cabcb13c 9cLpsicoUhJ9LbXrJc35SzEEuIZwb0KpjRPStYwyEZA 1000002 HanSiPeng   0 text}
[2020/10/13 23:50:36 EDT] [INFO] (WeChatAlarmServer/config.loadServerConfig:30) Server config:{{ Config} 3322 ww9157f144cabcb13c 9cLpsicoUhJ9LbXrJc35SzEEuIZwb0KpjRPStYwyEZA 1000002 HanSiPeng   0 text}
[2020/10/13 23:50:36 EDT] [INFO] (main.Svc:246) listen server addr :0.0.0.0:3322
[2020/10/13 23:51:02 EDT] [INFO] (main.MessageHandle:70) request:10.0.155.50:59310, /, 测试消息1014，请勿回。 send from hsp
[2020/10/13 23:51:02 EDT] [INFO] (WeChatAlarmServer/config.loadServerConfig:30) Server config:{{ Config} 3322 ww9157f144cabcb13c 9cLpsicoUhJ9LbXrJc35SzEEuIZwb0KpjRPStYwyEZA 1000002 HanSiPeng   0 text}
[2020/10/13 23:51:02 EDT] [INFO] (WeChatAlarmServer/config.loadServerConfig:30) Server config:{{ Config} 3322 ww9157f144cabcb13c 9cLpsicoUhJ9LbXrJc35SzEEuIZwb0KpjRPStYwyEZA 1000002 HanSiPeng   0 text}
[2020/10/13 23:51:02 EDT] [INFO] (WeChatAlarmServer/config.loadServerConfig:30) Server config:{{ Config} 3322 ww9157f144cabcb13c 9cLpsicoUhJ9LbXrJc35SzEEuIZwb0KpjRPStYwyEZA 1000002 HanSiPeng   0 text}
[2020/10/13 23:51:02 EDT] [INFO] (WeChatAlarmServer/config.loadServerConfig:30) Server config:{{ Config} 3322 ww9157f144cabcb13c 9cLpsicoUhJ9LbXrJc35SzEEuIZwb0KpjRPStYwyEZA 1000002 HanSiPeng   0 text}
[2020/10/13 23:51:02 EDT] [INFO] (WeChatAlarmServer/config.loadServerConfig:30) Server config:{{ Config} 3322 ww9157f144cabcb13c 9cLpsicoUhJ9LbXrJc35SzEEuIZwb0KpjRPStYwyEZA 1000002 HanSiPeng   0 text}
[2020/10/13 23:51:02 EDT] [INFO] (WeChatAlarmServer/config.loadServerConfig:30) Server config:{{ Config} 3322 ww9157f144cabcb13c 9cLpsicoUhJ9LbXrJc35SzEEuIZwb0KpjRPStYwyEZA 1000002 HanSiPeng   0 text}
[2020/10/13 23:51:36 EDT] [INFO] (WeChatAlarmServer/config.loadServerConfig:30) Server config:{{ Config} 3322 ww9157f144cabcb13c 9cLpsicoUhJ9LbXrJc35SzEEuIZwb0KpjRPStYwyEZA 1000002 HanSiPeng   0 text}
[2020/10/13 23:51:36 EDT] [INFO] (WeChatAlarmServer/config.loadServerConfig:30) Server config:{{ Config} 3322 ww9157f144cabcb13c 9cLpsicoUhJ9LbXrJc35SzEEuIZwb0KpjRPStYwyEZA 1000002 HanSiPeng   0 text}
[2020/10/13 23:52:36 EDT] [INFO] (WeChatAlarmServer/config.loadServerConfig:30) Server config:{{ Config} 3322 ww9157f144cabcb13c 9cLpsicoUhJ9LbXrJc35SzEEuIZwb0KpjRPStYwyEZA 1000002 HanSiPeng   0 text}
[2020/10/13 23:52:36 EDT] [INFO] (WeChatAlarmServer/config.loadServerConfig:30) Server config:{{ Config} 3322 ww9157f144cabcb13c 9cLpsicoUhJ9LbXrJc35SzEEuIZwb0KpjRPStYwyEZA 1000002 HanSiPeng   0 text}
[2020/10/13 23:53:36 EDT] [INFO] (WeChatAlarmServer/config.loadServerConfig:30) Server config:{{ Config} 3322 ww9157f144cabcb13c 9cLpsicoUhJ9LbXrJc35SzEEuIZwb0KpjRPStYwyEZA 1000002 HanSiPeng   0 text}
[2020/10/13 23:53:36 EDT] [INFO] (WeChatAlarmServer/config.loadServerConfig:30) Server config:{{ Config} 3322 ww9157f144cabcb13c 9cLpsicoUhJ9LbXrJc35SzEEuIZwb0KpjRPStYwyEZA 1000002 HanSiPeng   0 text}
[2020/10/13 23:54:36 EDT] [INFO] (WeChatAlarmServer/config.loadServerConfig:30) Server config:{{ Config} 3322 ww9157f144cabcb13c 9cLpsicoUhJ9LbXrJc35SzEEuIZwb0KpjRPStYwyEZA 1000002 HanSiPeng   0 text}
[2020/10/13 23:54:36 EDT] [INFO] (WeChatAlarmServer/config.loadServerConfig:30) Server config:{{ Config} 3322 ww9157f144cabcb13c 9cLpsicoUhJ9LbXrJc35SzEEuIZwb0KpjRPStYwyEZA 1000002 HanSiPeng   0 text}
[2020/10/13 23:55:36 EDT] [INFO] (WeChatAlarmServer/config.loadServerConfig:30) Server config:{{ Config} 3322 ww9157f144cabcb13c 9cLpsicoUhJ9LbXrJc35SzEEuIZwb0KpjRPStYwyEZA 1000002 HanSiPeng   0 text}
[2020/10/13 23:55:36 EDT] [INFO] (WeChatAlarmServer/config.loadServerConfig:30) Server config:{{ Config} 3322 ww9157f144cabcb13c 9cLpsicoUhJ9LbXrJc35SzEEuIZwb0KpjRPStYwyEZA 1000002 HanSiPeng   0 text}
[2020/10/13 23:56:36 EDT] [INFO] (WeChatAlarmServer/config.loadServerConfig:30) Server config:{{ Config} 3322 ww9157f144cabcb13c 9cLpsicoUhJ9LbXrJc35SzEEuIZwb0KpjRPStYwyEZA 1000002 HanSiPeng   0 text}
[2020/10/13 23:56:36 EDT] [INFO] (WeChatAlarmServer/config.loadServerConfig:30) Server config:{{ Config} 3322 ww9157f144cabcb13c 9cLpsicoUhJ9LbXrJc35SzEEuIZwb0KpjRPStYwyEZA 1000002 HanSiPeng   0 text}
[2020/10/13 23:57:36 EDT] [INFO] (WeChatAlarmServer/config.loadServerConfig:30) Server config:{{ Config} 3322 ww9157f144cabcb13c 9cLpsicoUhJ9LbXrJc35SzEEuIZwb0KpjRPStYwyEZA 1000002 HanSiPeng   0 text}
[2020/10/13 23:57:36 EDT] [INFO] (WeChatAlarmServer/config.loadServerConfig:30) Server config:{{ Config} 3322 ww9157f144cabcb13c 9cLpsicoUhJ9LbXrJc35SzEEuIZwb0KpjRPStYwyEZA 1000002 HanSiPeng   0 text}
[2020/10/13 23:58:36 EDT] [INFO] (WeChatAlarmServer/config.loadServerConfig:30) Server config:{{ Config} 3322 ww9157f144cabcb13c 9cLpsicoUhJ9LbXrJc35SzEEuIZwb0KpjRPStYwyEZA 1000002 HanSiPeng   0 text}
[2020/10/13 23:58:36 EDT] [INFO] (WeChatAlarmServer/config.loadServerConfig:30) Server config:{{ Config} 3322 ww9157f144cabcb13c 9cLpsicoUhJ9LbXrJc35SzEEuIZwb0KpjRPStYwyEZA 1000002 HanSiPeng   0 text}
[2020/10/13 23:59:36 EDT] [INFO] (WeChatAlarmServer/config.loadServerConfig:30) Server config:{{ Config} 3322 ww9157f144cabcb13c 9cLpsicoUhJ9LbXrJc35SzEEuIZwb0KpjRPStYwyEZA 1000002 HanSiPeng   0 text}
[2020/10/13 23:59:36 EDT] [INFO] (WeChatAlarmServer/config.loadServerConfig:30) Server config:{{ Config} 3322 ww9157f144cabcb13c 9cLpsicoUhJ9LbXrJc35SzEEuIZwb0KpjRPStYwyEZA 1000002 HanSiPeng   0 text}
[2020/10/14 00:00:36 EDT] [INFO] (WeChatAlarmServer/config.loadServerConfig:30) Server config:{{ Config} 3322 ww9157f144cabcb13c 9cLpsicoUhJ9LbXrJc35SzEEuIZwb0KpjRPStYwyEZA 1000002 HanSiPeng   0 text}
[2020/10/14 00:00:36 EDT] [INFO] (WeChatAlarmServer/config.loadServerConfig:30) Server config:{{ Config} 3322 ww9157f144cabcb13c 9cLpsicoUhJ9LbXrJc35SzEEuIZwb0KpjRPStYwyEZA 1000002 HanSiPeng   0 text}
[2020/10/14 00:01:36 EDT] [INFO] (WeChatAlarmServer/config.loadServerConfig:30) Server config:{{ Config} 3322 ww9157f144cabcb13c 9cLpsicoUhJ9LbXrJc35SzEEuIZwb0KpjRPStYwyEZA 1000002 HanSiPeng   0 text}
[2020/10/14 00:01:36 EDT] [INFO] (WeChatAlarmServer/config.loadServerConfig:30) Server config:{{ Config} 3322 ww9157f144cabcb13c 9cLpsicoUhJ9LbXrJc35SzEEuIZwb0KpjRPStYwyEZA 1000002 HanSiPeng   0 text}
[2020/10/14 00:02:36 EDT] [INFO] (WeChatAlarmServer/config.loadServerConfig:30) Server config:{{ Config} 3322 ww9157f144cabcb13c 9cLpsicoUhJ9LbXrJc35SzEEuIZwb0KpjRPStYwyEZA 1000002 HanSiPeng   0 text}
[2020/10/14 00:02:36 EDT] [INFO] (WeChatAlarmServer/config.loadServerConfig:30) Server config:{{ Config} 3322 ww9157f144cabcb13c 9cLpsicoUhJ9LbXrJc35SzEEuIZwb0KpjRPStYwyEZA 1000002 HanSiPeng   0 text}
[2020/10/14 00:03:36 EDT] [INFO] (WeChatAlarmServer/config.loadServerConfig:30) Server config:{{ Config} 3322 ww9157f144cabcb13c 9cLpsicoUhJ9LbXrJc35SzEEuIZwb0KpjRPStYwyEZA 1000002 HanSiPeng   0 text}
[2020/10/14 00:03:36 EDT] [INFO] (WeChatAlarmServer/config.loadServerConfig:30) Server config:{{ Config} 3322 ww9157f144cabcb13c 9cLpsicoUhJ9LbXrJc35SzEEuIZwb0KpjRPStYwyEZA 1000002 HanSiPeng   0 text}
[2020/10/14 00:04:36 EDT] [INFO] (WeChatAlarmServer/config.loadServerConfig:30) Server config:{{ Config} 3322 ww9157f144cabcb13c 9cLpsicoUhJ9LbXrJc35SzEEuIZwb0KpjRPStYwyEZA 1000002 HanSiPeng   0 text}
[2020/10/14 00:04:36 EDT] [INFO] (WeChatAlarmServer/config.loadServerConfig:30) Server config:{{ Config} 3322 ww9157f144cabcb13c 9cLpsicoUhJ9LbXrJc35SzEEuIZwb0KpjRPStYwyEZA 1000002 HanSiPeng   0 text}
[2020/10/14 00:05:36 EDT] [INFO] (WeChatAlarmServer/config.loadServerConfig:30) Server config:{{ Config} 3322 ww9157f144cabcb13c 9cLpsicoUhJ9LbXrJc35SzEEuIZwb0KpjRPStYwyEZA 1000002 HanSiPeng   0 text}
[2020/10/14 00:05:36 EDT] [INFO] (WeChatAlarmServer/config.loadServerConfig:30) Server config:{{ Config} 3322 ww9157f144cabcb13c 9cLpsicoUhJ9LbXrJc35SzEEuIZwb0KpjRPStYwyEZA 1000002 HanSiPeng   0 text}
[2020/10/14 00:06:36 EDT] [INFO] (WeChatAlarmServer/config.loadServerConfig:30) Server config:{{ Config} 3322 ww9157f144cabcb13c 9cLpsicoUhJ9LbXrJc35SzEEuIZwb0KpjRPStYwyEZA 1000002 HanSiPeng   0 text}
[2020/10/14 00:06:36 EDT] [INFO] (WeChatAlarmServer/config.loadServerConfig:30) Server config:{{ Config} 3322 ww9157f144cabcb13c 9cLpsicoUhJ9LbXrJc35SzEEuIZwb0KpjRPStYwyEZA 1000002 HanSiPeng   0 text}
[2020/10/14 00:07:36 EDT] [INFO] (WeChatAlarmServer/config.loadServerConfig:30) Server config:{{ Config} 3322 ww9157f144cabcb13c 9cLpsicoUhJ9LbXrJc35SzEEuIZwb0KpjRPStYwyEZA 1000002 HanSiPeng   0 text}
[2020/10/14 00:07:36 EDT] [INFO] (WeChatAlarmServer/config.loadServerConfig:30) Server config:{{ Config} 3322 ww9157f144cabcb13c 9cLpsicoUhJ9LbXrJc35SzEEuIZwb0KpjRPStYwyEZA 1000002 HanSiPeng   0 text}
[2020/10/14 00:08:36 EDT] [INFO] (WeChatAlarmServer/config.loadServerConfig:30) Server config:{{ Config} 3322 ww9157f144cabcb13c 9cLpsicoUhJ9LbXrJc35SzEEuIZwb0KpjRPStYwyEZA 1000002 HanSiPeng   0 text}
[2020/10/14 00:08:36 EDT] [INFO] (WeChatAlarmServer/config.loadServerConfig:30) Server config:{{ Config} 3322 ww9157f144cabcb13c 9cLpsicoUhJ9LbXrJc35SzEEuIZwb0KpjRPStYwyEZA 1000002 HanSiPeng   0 text}
[2020/10/14 00:09:36 EDT] [INFO] (WeChatAlarmServer/config.loadServerConfig:30) Server config:{{ Config} 3322 ww9157f144cabcb13c 9cLpsicoUhJ9LbXrJc35SzEEuIZwb0KpjRPStYwyEZA 1000002 HanSiPeng   0 text}
[2020/10/14 00:09:36 EDT] [INFO] (WeChatAlarmServer/config.loadServerConfig:30) Server config:{{ Config} 3322 ww9157f144cabcb13c 9cLpsicoUhJ9LbXrJc35SzEEuIZwb0KpjRPStYwyEZA 1000002 HanSiPeng   0 text}
[2020/10/14 00:10:36 EDT] [INFO] (WeChatAlarmServer/config.loadServerConfig:30) Server config:{{ Config} 3322 ww9157f144cabcb13c 9cLpsicoUhJ9LbXrJc35SzEEuIZwb0KpjRPStYwyEZA 1000002 HanSiPeng   0 text}
[2020/10/14 00:10:36 EDT] [INFO] (WeChatAlarmServer/config.loadServerConfig:30) Server config:{{ Config} 3322 ww9157f144cabcb13c 9cLpsicoUhJ9LbXrJc35SzEEuIZwb0KpjRPStYwyEZA 1000002 HanSiPeng   0 text}
[2020/10/14 00:11:36 EDT] [INFO] (WeChatAlarmServer/config.loadServerConfig:30) Server config:{{ Config} 3322 ww9157f144cabcb13c 9cLpsicoUhJ9LbXrJc35SzEEuIZwb0KpjRPStYwyEZA 1000002 HanSiPeng   0 text}
[2020/10/14 00:11:36 EDT] [INFO] (WeChatAlarmServer/config.loadServerConfig:30) Server config:{{ Config} 3322 ww9157f144cabcb13c 9cLpsicoUhJ9LbXrJc35SzEEuIZwb0KpjRPStYwyEZA 1000002 HanSiPeng   0 text}
[2020/10/14 00:12:36 EDT] [INFO] (WeChatAlarmServer/config.loadServerConfig:30) Server config:{{ Config} 3322 ww9157f144cabcb13c 9cLpsicoUhJ9LbXrJc35SzEEuIZwb0KpjRPStYwyEZA 1000002 HanSiPeng   0 text}
[2020/10/14 00:12:36 EDT] [INFO] (WeChatAlarmServer/config.loadServerConfig:30) Server config:{{ Config} 3322 ww9157f144cabcb13c 9cLpsicoUhJ9LbXrJc35SzEEuIZwb0KpjRPStYwyEZA 1000002 HanSiPeng   0 text}
[2020/10/14 00:13:36 EDT] [INFO] (WeChatAlarmServer/config.loadServerConfig:30) Server config:{{ Config} 3322 ww9157f144cabcb13c 9cLpsicoUhJ9LbXrJc35SzEEuIZwb0KpjRPStYwyEZA 1000002 HanSiPeng   0 text}
[2020/10/14 00:13:36 EDT] [INFO] (WeChatAlarmServer/config.loadServerConfig:30) Server config:{{ Config} 3322 ww9157f144cabcb13c 9cLpsicoUhJ9LbXrJc35SzEEuIZwb0KpjRPStYwyEZA 1000002 HanSiPeng   0 text}
[2020/10/14 00:14:36 EDT] [INFO] (WeChatAlarmServer/config.loadServerConfig:30) Server config:{{ Config} 3322 ww9157f144cabcb13c 9cLpsicoUhJ9LbXrJc35SzEEuIZwb0KpjRPStYwyEZA 1000002 HanSiPeng   0 text}
[2020/10/14 00:14:36 EDT] [INFO] (WeChatAlarmServer/config.loadServerConfig:30) Server config:{{ Config} 3322 ww9157f144cabcb13c 9cLpsicoUhJ9LbXrJc35SzEEuIZwb0KpjRPStYwyEZA 1000002 HanSiPeng   0 text}
[2020/10/14 00:15:36 EDT] [INFO] (WeChatAlarmServer/config.loadServerConfig:30) Server config:{{ Config} 3322 ww9157f144cabcb13c 9cLpsicoUhJ9LbXrJc35SzEEuIZwb0KpjRPStYwyEZA 1000002 HanSiPeng   0 text}
[2020/10/14 00:15:36 EDT] [INFO] (WeChatAlarmServer/config.loadServerConfig:30) Server config:{{ Config} 3322 ww9157f144cabcb13c 9cLpsicoUhJ9LbXrJc35SzEEuIZwb0KpjRPStYwyEZA 1000002 HanSiPeng   0 text}
[2020/10/14 00:16:36 EDT] [INFO] (WeChatAlarmServer/config.loadServerConfig:30) Server config:{{ Config} 3322 ww9157f144cabcb13c 9cLpsicoUhJ9LbXrJc35SzEEuIZwb0KpjRPStYwyEZA 1000002 HanSiPeng   0 text}
[2020/10/14 00:16:36 EDT] [INFO] (WeChatAlarmServer/config.loadServerConfig:30) Server config:{{ Config} 3322 ww9157f144cabcb13c 9cLpsicoUhJ9LbXrJc35SzEEuIZwb0KpjRPStYwyEZA 1000002 HanSiPeng   0 text}
[2020/10/14 00:17:36 EDT] [INFO] (WeChatAlarmServer/config.loadServerConfig:30) Server config:{{ Config} 3322 ww9157f144cabcb13c 9cLpsicoUhJ9LbXrJc35SzEEuIZwb0KpjRPStYwyEZA 1000002 HanSiPeng   0 text}
[2020/10/14 00:17:36 EDT] [INFO] (WeChatAlarmServer/config.loadServerConfig:30) Server config:{{ Config} 3322 ww9157f144cabcb13c 9cLpsicoUhJ9LbXrJc35SzEEuIZwb0KpjRPStYwyEZA 1000002 HanSiPeng   0 text}
[2020/10/14 00:18:36 EDT] [INFO] (WeChatAlarmServer/config.loadServerConfig:30) Server config:{{ Config} 3322 ww9157f144cabcb13c 9cLpsicoUhJ9LbXrJc35SzEEuIZwb0KpjRPStYwyEZA 1000002 HanSiPeng   0 text}
[2020/10/14 00:18:36 EDT] [INFO] (WeChatAlarmServer/config.loadServerConfig:30) Server config:{{ Config} 3322 ww9157f144cabcb13c 9cLpsicoUhJ9LbXrJc35SzEEuIZwb0KpjRPStYwyEZA 1000002 HanSiPeng   0 text}
[2020/10/14 00:19:36 EDT] [INFO] (WeChatAlarmServer/config.loadServerConfig:30) Server config:{{ Config} 3322 ww9157f144cabcb13c 9cLpsicoUhJ9LbXrJc35SzEEuIZwb0KpjRPStYwyEZA 1000002 HanSiPeng   0 text}
[2020/10/14 00:19:36 EDT] [INFO] (WeChatAlarmServer/config.loadServerConfig:30) Server config:{{ Config} 3322 ww9157f144cabcb13c 9cLpsicoUhJ9LbXrJc35SzEEuIZwb0KpjRPStYwyEZA 1000002 HanSiPeng   0 text}
[2020/10/14 00:20:36 EDT] [INFO] (WeChatAlarmServer/config.loadServerConfig:30) Server config:{{ Config} 3322 ww9157f144cabcb13c 9cLpsicoUhJ9LbXrJc35SzEEuIZwb0KpjRPStYwyEZA 1000002 HanSiPeng   0 text}
[2020/10/14 00:20:36 EDT] [INFO] (WeChatAlarmServer/config.loadServerConfig:30) Server config:{{ Config} 3322 ww9157f144cabcb13c 9cLpsicoUhJ9LbXrJc35SzEEuIZwb0KpjRPStYwyEZA 1000002 HanSiPeng   0 text}
[2020/10/14 00:21:36 EDT] [INFO] (WeChatAlarmServer/config.loadServerConfig:30) Server config:{{ Config} 3322 ww9157f144cabcb13c 9cLpsicoUhJ9LbXrJc35SzEEuIZwb0KpjRPStYwyEZA 1000002 HanSiPeng   0 text}
[2020/10/14 00:21:36 EDT] [INFO] (WeChatAlarmServer/config.loadServerConfig:30) Server config:{{ Config} 3322 ww9157f144cabcb13c 9cLpsicoUhJ9LbXrJc35SzEEuIZwb0KpjRPStYwyEZA 1000002 HanSiPeng   0 text}
[2020/10/14 00:22:36 EDT] [INFO] (WeChatAlarmServer/config.loadServerConfig:30) Server config:{{ Config} 3322 ww9157f144cabcb13c 9cLpsicoUhJ9LbXrJc35SzEEuIZwb0KpjRPStYwyEZA 1000002 HanSiPeng   0 text}
[2020/10/14 00:22:36 EDT] [INFO] (WeChatAlarmServer/config.loadServerConfig:30) Server config:{{ Config} 3322 ww9157f144cabcb13c 9cLpsicoUhJ9LbXrJc35SzEEuIZwb0KpjRPStYwyEZA 1000002 HanSiPeng   0 text}
[2020/10/14 00:23:36 EDT] [INFO] (WeChatAlarmServer/config.loadServerConfig:30) Server config:{{ Config} 3322 ww9157f144cabcb13c 9cLpsicoUhJ9LbXrJc35SzEEuIZwb0KpjRPStYwyEZA 1000002 HanSiPeng   0 text}
[2020/10/14 00:23:36 EDT] [INFO] (WeChatAlarmServer/config.loadServerConfig:30) Server config:{{ Config} 3322 ww9157f144cabcb13c 9cLpsicoUhJ9LbXrJc35SzEEuIZwb0KpjRPStYwyEZA 1000002 HanSiPeng   0 text}
[2020/10/14 00:24:36 EDT] [INFO] (WeChatAlarmServer/config.loadServerConfig:30) Server config:{{ Config} 3322 ww9157f144cabcb13c 9cLpsicoUhJ9LbXrJc35SzEEuIZwb0KpjRPStYwyEZA 1000002 HanSiPeng   0 text}
[2020/10/14 00:24:36 EDT] [INFO] (WeChatAlarmServer/config.loadServerConfig:30) Server config:{{ Config} 3322 ww9157f144cabcb13c 9cLpsicoUhJ9LbXrJc35SzEEuIZwb0KpjRPStYwyEZA 1000002 HanSiPeng   0 text}
[2020/10/14 00:25:36 EDT] [INFO] (WeChatAlarmServer/config.loadServerConfig:30) Server config:{{ Config} 3322 ww9157f144cabcb13c 9cLpsicoUhJ9LbXrJc35SzEEuIZwb0KpjRPStYwyEZA 1000002 HanSiPeng   0 text}
[2020/10/14 00:25:36 EDT] [INFO] (WeChatAlarmServer/config.loadServerConfig:30) Server config:{{ Config} 3322 ww9157f144cabcb13c 9cLpsicoUhJ9LbXrJc35SzEEuIZwb0KpjRPStYwyEZA 1000002 HanSiPeng   0 text}
[2020/10/14 00:26:36 EDT] [INFO] (WeChatAlarmServer/config.loadServerConfig:30) Server config:{{ Config} 3322 ww9157f144cabcb13c 9cLpsicoUhJ9LbXrJc35SzEEuIZwb0KpjRPStYwyEZA 1000002 HanSiPeng   0 text}
[2020/10/14 00:26:36 EDT] [INFO] (WeChatAlarmServer/config.loadServerConfig:30) Server config:{{ Config} 3322 ww9157f144cabcb13c 9cLpsicoUhJ9LbXrJc35SzEEuIZwb0KpjRPStYwyEZA 1000002 HanSiPeng   0 text}
[2020/10/14 00:27:36 EDT] [INFO] (WeChatAlarmServer/config.loadServerConfig:30) Server config:{{ Config} 3322 ww9157f144cabcb13c 9cLpsicoUhJ9LbXrJc35SzEEuIZwb0KpjRPStYwyEZA 1000002 HanSiPeng   0 text}
[2020/10/14 00:27:36 EDT] [INFO] (WeChatAlarmServer/config.loadServerConfig:30) Server config:{{ Config} 3322 ww9157f144cabcb13c 9cLpsicoUhJ9LbXrJc35SzEEuIZwb0KpjRPStYwyEZA 1000002 HanSiPeng   0 text}
[2020/10/14 00:28:36 EDT] [INFO] (WeChatAlarmServer/config.loadServerConfig:30) Server config:{{ Config} 3322 ww9157f144cabcb13c 9cLpsicoUhJ9LbXrJc35SzEEuIZwb0KpjRPStYwyEZA 1000002 HanSiPeng   0 text}
[2020/10/14 00:28:36 EDT] [INFO] (WeChatAlarmServer/config.loadServerConfig:30) Server config:{{ Config} 3322 ww9157f144cabcb13c 9cLpsicoUhJ9LbXrJc35SzEEuIZwb0KpjRPStYwyEZA 1000002 HanSiPeng   0 text}
[2020/10/14 00:29:36 EDT] [INFO] (WeChatAlarmServer/config.loadServerConfig:30) Server config:{{ Config} 3322 ww9157f144cabcb13c 9cLpsicoUhJ9LbXrJc35SzEEuIZwb0KpjRPStYwyEZA 1000002 HanSiPeng   0 text}
[2020/10/14 00:29:36 EDT] [INFO] (WeChatAlarmServer/config.loadServerConfig:30) Server config:{{ Config} 3322 ww9157f144cabcb13c 9cLpsicoUhJ9LbXrJc35SzEEuIZwb0KpjRPStYwyEZA 1000002 HanSiPeng   0 text}
[2020/10/14 00:30:36 EDT] [INFO] (WeChatAlarmServer/config.loadServerConfig:30) Server config:{{ Config} 3322 ww9157f144cabcb13c 9cLpsicoUhJ9LbXrJc35SzEEuIZwb0KpjRPStYwyEZA 1000002 HanSiPeng   0 text}
[2020/10/14 00:30:36 EDT] [INFO] (WeChatAlarmServer/config.loadServerConfig:30) Server config:{{ Config} 3322 ww9157f144cabcb13c 9cLpsicoUhJ9LbXrJc35SzEEuIZwb0KpjRPStYwyEZA 1000002 HanSiPeng   0 text}
[2020/10/14 00:31:36 EDT] [INFO] (WeChatAlarmServer/config.loadServerConfig:30) Server config:{{ Config} 3322 ww9157f144cabcb13c 9cLpsicoUhJ9LbXrJc35SzEEuIZwb0KpjRPStYwyEZA 1000002 HanSiPeng   0 text}
[2020/10/14 00:31:36 EDT] [INFO] (WeChatAlarmServer/config.loadServerConfig:30) Server config:{{ Config} 3322 ww9157f144cabcb13c 9cLpsicoUhJ9LbXrJc35SzEEuIZwb0KpjRPStYwyEZA 1000002 HanSiPeng   0 text}
[2020/10/14 00:32:36 EDT] [INFO] (WeChatAlarmServer/config.loadServerConfig:30) Server config:{{ Config} 3322 ww9157f144cabcb13c 9cLpsicoUhJ9LbXrJc35SzEEuIZwb0KpjRPStYwyEZA 1000002 HanSiPeng   0 text}
[2020/10/14 00:32:36 EDT] [INFO] (WeChatAlarmServer/config.loadServerConfig:30) Server config:{{ Config} 3322 ww9157f144cabcb13c 9cLpsicoUhJ9LbXrJc35SzEEuIZwb0KpjRPStYwyEZA 1000002 HanSiPeng   0 text}
[2020/10/14 00:33:36 EDT] [INFO] (WeChatAlarmServer/config.loadServerConfig:30) Server config:{{ Config} 3322 ww9157f144cabcb13c 9cLpsicoUhJ9LbXrJc35SzEEuIZwb0KpjRPStYwyEZA 1000002 HanSiPeng   0 text}
[2020/10/14 00:33:36 EDT] [INFO] (WeChatAlarmServer/config.loadServerConfig:30) Server config:{{ Config} 3322 ww9157f144cabcb13c 9cLpsicoUhJ9LbXrJc35SzEEuIZwb0KpjRPStYwyEZA 1000002 HanSiPeng   0 text}
[2020/10/14 00:34:36 EDT] [INFO] (WeChatAlarmServer/config.loadServerConfig:30) Server config:{{ Config} 3322 ww9157f144cabcb13c 9cLpsicoUhJ9LbXrJc35SzEEuIZwb0KpjRPStYwyEZA 1000002 HanSiPeng   0 text}
[2020/10/14 00:34:36 EDT] [INFO] (WeChatAlarmServer/config.loadServerConfig:30) Server config:{{ Config} 3322 ww9157f144cabcb13c 9cLpsicoUhJ9LbXrJc35SzEEuIZwb0KpjRPStYwyEZA 1000002 HanSiPeng   0 text}
[2020/10/14 00:35:36 EDT] [INFO] (WeChatAlarmServer/config.loadServerConfig:30) Server config:{{ Config} 3322 ww9157f144cabcb13c 9cLpsicoUhJ9LbXrJc35SzEEuIZwb0KpjRPStYwyEZA 1000002 HanSiPeng   0 text}
[2020/10/14 00:35:36 EDT] [INFO] (WeChatAlarmServer/config.loadServerConfig:30) Server config:{{ Config} 3322 ww9157f144cabcb13c 9cLpsicoUhJ9LbXrJc35SzEEuIZwb0KpjRPStYwyEZA 1000002 HanSiPeng   0 text}
[2020/10/14 00:36:36 EDT] [INFO] (WeChatAlarmServer/config.loadServerConfig:30) Server config:{{ Config} 3322 ww9157f144cabcb13c 9cLpsicoUhJ9LbXrJc35SzEEuIZwb0KpjRPStYwyEZA 1000002 HanSiPeng   0 text}
[2020/10/14 00:36:36 EDT] [INFO] (WeChatAlarmServer/config.loadServerConfig:30) Server config:{{ Config} 3322 ww9157f144cabcb13c 9cLpsicoUhJ9LbXrJc35SzEEuIZwb0KpjRPStYwyEZA 1000002 HanSiPeng   0 text}
[2020/10/14 00:37:36 EDT] [INFO] (WeChatAlarmServer/config.loadServerConfig:30) Server config:{{ Config} 3322 ww9157f144cabcb13c 9cLpsicoUhJ9LbXrJc35SzEEuIZwb0KpjRPStYwyEZA 1000002 HanSiPeng   0 text}
[2020/10/14 00:37:36 EDT] [INFO] (WeChatAlarmServer/config.loadServerConfig:30) Server config:{{ Config} 3322 ww9157f144cabcb13c 9cLpsicoUhJ9LbXrJc35SzEEuIZwb0KpjRPStYwyEZA 1000002 HanSiPeng   0 text}
[2020/10/14 00:38:36 EDT] [INFO] (WeChatAlarmServer/config.loadServerConfig:30) Server config:{{ Config} 3322 ww9157f144cabcb13c 9cLpsicoUhJ9LbXrJc35SzEEuIZwb0KpjRPStYwyEZA 1000002 HanSiPeng   0 text}
[2020/10/14 00:38:36 EDT] [INFO] (WeChatAlarmServer/config.loadServerConfig:30) Server config:{{ Config} 3322 ww9157f144cabcb13c 9cLpsicoUhJ9LbXrJc35SzEEuIZwb0KpjRPStYwyEZA 1000002 HanSiPeng   0 text}
[2020/10/14 00:39:36 EDT] [INFO] (WeChatAlarmServer/config.loadServerConfig:30) Server config:{{ Config} 3322 ww9157f144cabcb13c 9cLpsicoUhJ9LbXrJc35SzEEuIZwb0KpjRPStYwyEZA 1000002 HanSiPeng   0 text}
[2020/10/14 00:39:36 EDT] [INFO] (WeChatAlarmServer/config.loadServerConfig:30) Server config:{{ Config} 3322 ww9157f144cabcb13c 9cLpsicoUhJ9LbXrJc35SzEEuIZwb0KpjRPStYwyEZA 1000002 HanSiPeng   0 text}
[2020/10/14 00:40:36 EDT] [INFO] (WeChatAlarmServer/config.loadServerConfig:30) Server config:{{ Config} 3322 ww9157f144cabcb13c 9cLpsicoUhJ9LbXrJc35SzEEuIZwb0KpjRPStYwyEZA 1000002 HanSiPeng   0 text}
[2020/10/14 00:40:36 EDT] [INFO] (WeChatAlarmServer/config.loadServerConfig:30) Server config:{{ Config} 3322 ww9157f144cabcb13c 9cLpsicoUhJ9LbXrJc35SzEEuIZwb0KpjRPStYwyEZA 1000002 HanSiPeng   0 text}
[2020/10/14 00:41:36 EDT] [INFO] (WeChatAlarmServer/config.loadServerConfig:30) Server config:{{ Config} 3322 ww9157f144cabcb13c 9cLpsicoUhJ9LbXrJc35SzEEuIZwb0KpjRPStYwyEZA 1000002 HanSiPeng   0 text}
[2020/10/14 00:41:36 EDT] [INFO] (WeChatAlarmServer/config.loadServerConfig:30) Server config:{{ Config} 3322 ww9157f144cabcb13c 9cLpsicoUhJ9LbXrJc35SzEEuIZwb0KpjRPStYwyEZA 1000002 HanSiPeng   0 text}
[2020/10/14 00:42:36 EDT] [INFO] (WeChatAlarmServer/config.loadServerConfig:30) Server config:{{ Config} 3322 ww9157f144cabcb13c 9cLpsicoUhJ9LbXrJc35SzEEuIZwb0KpjRPStYwyEZA 1000002 HanSiPeng   0 text}
[2020/10/14 00:42:36 EDT] [INFO] (WeChatAlarmServer/config.loadServerConfig:30) Server config:{{ Config} 3322 ww9157f144cabcb13c 9cLpsicoUhJ9LbXrJc35SzEEuIZwb0KpjRPStYwyEZA 1000002 HanSiPeng   0 text}
[2020/10/14 00:43:36 EDT] [INFO] (WeChatAlarmServer/config.loadServerConfig:30) Server config:{{ Config} 3322 ww9157f144cabcb13c 9cLpsicoUhJ9LbXrJc35SzEEuIZwb0KpjRPStYwyEZA 1000002 HanSiPeng   0 text}
[2020/10/14 00:43:36 EDT] [INFO] (WeChatAlarmServer/config.loadServerConfig:30) Server config:{{ Config} 3322 ww9157f144cabcb13c 9cLpsicoUhJ9LbXrJc35SzEEuIZwb0KpjRPStYwyEZA 1000002 HanSiPeng   0 text}
[2020/10/14 00:44:36 EDT] [INFO] (WeChatAlarmServer/config.loadServerConfig:30) Server config:{{ Config} 3322 ww9157f144cabcb13c 9cLpsicoUhJ9LbXrJc35SzEEuIZwb0KpjRPStYwyEZA 1000002 HanSiPeng   0 text}
[2020/10/14 00:44:36 EDT] [INFO] (WeChatAlarmServer/config.loadServerConfig:30) Server config:{{ Config} 3322 ww9157f144cabcb13c 9cLpsicoUhJ9LbXrJc35SzEEuIZwb0KpjRPStYwyEZA 1000002 HanSiPeng   0 text}
[2020/10/14 00:45:36 EDT] [INFO] (WeChatAlarmServer/config.loadServerConfig:30) Server config:{{ Config} 3322 ww9157f144cabcb13c 9cLpsicoUhJ9LbXrJc35SzEEuIZwb0KpjRPStYwyEZA 1000002 HanSiPeng   0 text}
[2020/10/14 00:45:36 EDT] [INFO] (WeChatAlarmServer/config.loadServerConfig:30) Server config:{{ Config} 3322 ww9157f144cabcb13c 9cLpsicoUhJ9LbXrJc35SzEEuIZwb0KpjRPStYwyEZA 1000002 HanSiPeng   0 text}
[2020/10/14 00:46:36 EDT] [INFO] (WeChatAlarmServer/config.loadServerConfig:30) Server config:{{ Config} 3322 ww9157f144cabcb13c 9cLpsicoUhJ9LbXrJc35SzEEuIZwb0KpjRPStYwyEZA 1000002 HanSiPeng   0 text}
[2020/10/14 00:46:36 EDT] [INFO] (WeChatAlarmServer/config.loadServerConfig:30) Server config:{{ Config} 3322 ww9157f144cabcb13c 9cLpsicoUhJ9LbXrJc35SzEEuIZwb0KpjRPStYwyEZA 1000002 HanSiPeng   0 text}
[2020/10/14 00:47:36 EDT] [INFO] (WeChatAlarmServer/config.loadServerConfig:30) Server config:{{ Config} 3322 ww9157f144cabcb13c 9cLpsicoUhJ9LbXrJc35SzEEuIZwb0KpjRPStYwyEZA 1000002 HanSiPeng   0 text}
[2020/10/14 00:47:36 EDT] [INFO] (WeChatAlarmServer/config.loadServerConfig:30) Server config:{{ Config} 3322 ww9157f144cabcb13c 9cLpsicoUhJ9LbXrJc35SzEEuIZwb0KpjRPStYwyEZA 1000002 HanSiPeng   0 text}
[2020/10/14 00:48:36 EDT] [INFO] (WeChatAlarmServer/config.loadServerConfig:30) Server config:{{ Config} 3322 ww9157f144cabcb13c 9cLpsicoUhJ9LbXrJc35SzEEuIZwb0KpjRPStYwyEZA 1000002 HanSiPeng   0 text}
[2020/10/14 00:48:36 EDT] [INFO] (WeChatAlarmServer/config.loadServerConfig:30) Server config:{{ Config} 3322 ww9157f144cabcb13c 9cLpsicoUhJ9LbXrJc35SzEEuIZwb0KpjRPStYwyEZA 1000002 HanSiPeng   0 text}
[2020/10/14 00:49:36 EDT] [INFO] (WeChatAlarmServer/config.loadServerConfig:30) Server config:{{ Config} 3322 ww9157f144cabcb13c 9cLpsicoUhJ9LbXrJc35SzEEuIZwb0KpjRPStYwyEZA 1000002 HanSiPeng   0 text}
[2020/10/14 00:49:36 EDT] [INFO] (WeChatAlarmServer/config.loadServerConfig:30) Server config:{{ Config} 3322 ww9157f144cabcb13c 9cLpsicoUhJ9LbXrJc35SzEEuIZwb0KpjRPStYwyEZA 1000002 HanSiPeng   0 text}
[2020/10/14 00:50:36 EDT] [INFO] (WeChatAlarmServer/config.loadServerConfig:30) Server config:{{ Config} 3322 ww9157f144cabcb13c 9cLpsicoUhJ9LbXrJc35SzEEuIZwb0KpjRPStYwyEZA 1000002 HanSiPeng   0 text}
[2020/10/14 00:50:36 EDT] [INFO] (WeChatAlarmServer/config.loadServerConfig:30) Server config:{{ Config} 3322 ww9157f144cabcb13c 9cLpsicoUhJ9LbXrJc35SzEEuIZwb0KpjRPStYwyEZA 1000002 HanSiPeng   0 text}
[2020/10/14 00:51:36 EDT] [INFO] (WeChatAlarmServer/config.loadServerConfig:30) Server config:{{ Config} 3322 ww9157f144cabcb13c 9cLpsicoUhJ9LbXrJc35SzEEuIZwb0KpjRPStYwyEZA 1000002 HanSiPeng   0 text}
[2020/10/14 00:51:36 EDT] [INFO] (WeChatAlarmServer/config.loadServerConfig:30) Server config:{{ Config} 3322 ww9157f144cabcb13c 9cLpsicoUhJ9LbXrJc35SzEEuIZwb0KpjRPStYwyEZA 1000002 HanSiPeng   0 text}
[2020/10/14 00:52:36 EDT] [INFO] (WeChatAlarmServer/config.loadServerConfig:30) Server config:{{ Config} 3322 ww9157f144cabcb13c 9cLpsicoUhJ9LbXrJc35SzEEuIZwb0KpjRPStYwyEZA 1000002 HanSiPeng   0 text}
[2020/10/14 00:52:36 EDT] [INFO] (WeChatAlarmServer/config.loadServerConfig:30) Server config:{{ Config} 3322 ww9157f144cabcb13c 9cLpsicoUhJ9LbXrJc35SzEEuIZwb0KpjRPStYwyEZA 1000002 HanSiPeng   0 text}
[2020/10/14 00:53:36 EDT] [INFO] (WeChatAlarmServer/config.loadServerConfig:30) Server config:{{ Config} 3322 ww9157f144cabcb13c 9cLpsicoUhJ9LbXrJc35SzEEuIZwb0KpjRPStYwyEZA 1000002 HanSiPeng   0 text}
[2020/10/14 00:53:36 EDT] [INFO] (WeChatAlarmServer/config.loadServerConfig:30) Server config:{{ Config} 3322 ww9157f144cabcb13c 9cLpsicoUhJ9LbXrJc35SzEEuIZwb0KpjRPStYwyEZA 1000002 HanSiPeng   0 text}
[2020/10/14 00:54:36 EDT] [INFO] (WeChatAlarmServer/config.loadServerConfig:30) Server config:{{ Config} 3322 ww9157f144cabcb13c 9cLpsicoUhJ9LbXrJc35SzEEuIZwb0KpjRPStYwyEZA 1000002 HanSiPeng   0 text}
[2020/10/14 00:54:36 EDT] [INFO] (WeChatAlarmServer/config.loadServerConfig:30) Server config:{{ Config} 3322 ww9157f144cabcb13c 9cLpsicoUhJ9LbXrJc35SzEEuIZwb0KpjRPStYwyEZA 1000002 HanSiPeng   0 text}
[2020/10/14 00:55:36 EDT] [INFO] (WeChatAlarmServer/config.loadServerConfig:30) Server config:{{ Config} 3322 ww9157f144cabcb13c 9cLpsicoUhJ9LbXrJc35SzEEuIZwb0KpjRPStYwyEZA 1000002 HanSiPeng   0 text}
[2020/10/14 00:55:36 EDT] [INFO] (WeChatAlarmServer/config.loadServerConfig:30) Server config:{{ Config} 3322 ww9157f144cabcb13c 9cLpsicoUhJ9LbXrJc35SzEEuIZwb0KpjRPStYwyEZA 1000002 HanSiPeng   0 text}
[2020/10/14 00:56:36 EDT] [INFO] (WeChatAlarmServer/config.loadServerConfig:30) Server config:{{ Config} 3322 ww9157f144cabcb13c 9cLpsicoUhJ9LbXrJc35SzEEuIZwb0KpjRPStYwyEZA 1000002 HanSiPeng   0 text}
[2020/10/14 00:56:36 EDT] [INFO] (WeChatAlarmServer/config.loadServerConfig:30) Server config:{{ Config} 3322 ww9157f144cabcb13c 9cLpsicoUhJ9LbXrJc35SzEEuIZwb0KpjRPStYwyEZA 1000002 HanSiPeng   0 text}
[2020/10/14 00:57:36 EDT] [INFO] (WeChatAlarmServer/config.loadServerConfig:30) Server config:{{ Config} 3322 ww9157f144cabcb13c 9cLpsicoUhJ9LbXrJc35SzEEuIZwb0KpjRPStYwyEZA 1000002 HanSiPeng   0 text}
[2020/10/14 00:57:36 EDT] [INFO] (WeChatAlarmServer/config.loadServerConfig:30) Server config:{{ Config} 3322 ww9157f144cabcb13c 9cLpsicoUhJ9LbXrJc35SzEEuIZwb0KpjRPStYwyEZA 1000002 HanSiPeng   0 text}
[2020/10/14 00:58:36 EDT] [INFO] (WeChatAlarmServer/config.loadServerConfig:30) Server config:{{ Config} 3322 ww9157f144cabcb13c 9cLpsicoUhJ9LbXrJc35SzEEuIZwb0KpjRPStYwyEZA 1000002 HanSiPeng   0 text}
[2020/10/14 00:58:36 EDT] [INFO] (WeChatAlarmServer/config.loadServerConfig:30) Server config:{{ Config} 3322 ww9157f144cabcb13c 9cLpsicoUhJ9LbXrJc35SzEEuIZwb0KpjRPStYwyEZA 1000002 HanSiPeng   0 text}
[2020/10/14 00:59:36 EDT] [INFO] (WeChatAlarmServer/config.loadServerConfig:30) Server config:{{ Config} 3322 ww9157f144cabcb13c 9cLpsicoUhJ9LbXrJc35SzEEuIZwb0KpjRPStYwyEZA 1000002 HanSiPeng   0 text}
[2020/10/14 00:59:36 EDT] [INFO] (WeChatAlarmServer/config.loadServerConfig:30) Server config:{{ Config} 3322 ww9157f144cabcb13c 9cLpsicoUhJ9LbXrJc35SzEEuIZwb0KpjRPStYwyEZA 1000002 HanSiPeng   0 text}
[2020/10/14 01:00:36 EDT] [INFO] (WeChatAlarmServer/config.loadServerConfig:30) Server config:{{ Config} 3322 ww9157f144cabcb13c 9cLpsicoUhJ9LbXrJc35SzEEuIZwb0KpjRPStYwyEZA 1000002 HanSiPeng   0 text}
[2020/10/14 01:00:36 EDT] [INFO] (WeChatAlarmServer/config.loadServerConfig:30) Server config:{{ Config} 3322 ww9157f144cabcb13c 9cLpsicoUhJ9LbXrJc35SzEEuIZwb0KpjRPStYwyEZA 1000002 HanSiPeng   0 text}
[2020/10/14 01:01:36 EDT] [INFO] (WeChatAlarmServer/config.loadServerConfig:30) Server config:{{ Config} 3322 ww9157f144cabcb13c 9cLpsicoUhJ9LbXrJc35SzEEuIZwb0KpjRPStYwyEZA 1000002 HanSiPeng   0 text}
[2020/10/14 01:01:36 EDT] [INFO] (WeChatAlarmServer/config.loadServerConfig:30) Server config:{{ Config} 3322 ww9157f144cabcb13c 9cLpsicoUhJ9LbXrJc35SzEEuIZwb0KpjRPStYwyEZA 1000002 HanSiPeng   0 text}
[2020/10/14 01:02:36 EDT] [INFO] (WeChatAlarmServer/config.loadServerConfig:30) Server config:{{ Config} 3322 ww9157f144cabcb13c 9cLpsicoUhJ9LbXrJc35SzEEuIZwb0KpjRPStYwyEZA 1000002 HanSiPeng   0 text}
[2020/10/14 01:02:36 EDT] [INFO] (WeChatAlarmServer/config.loadServerConfig:30) Server config:{{ Config} 3322 ww9157f144cabcb13c 9cLpsicoUhJ9LbXrJc35SzEEuIZwb0KpjRPStYwyEZA 1000002 HanSiPeng   0 text}
[2020/10/14 01:03:36 EDT] [INFO] (WeChatAlarmServer/config.loadServerConfig:30) Server config:{{ Config} 3322 ww9157f144cabcb13c 9cLpsicoUhJ9LbXrJc35SzEEuIZwb0KpjRPStYwyEZA 1000002 HanSiPeng   0 text}
[2020/10/14 01:03:36 EDT] [INFO] (WeChatAlarmServer/config.loadServerConfig:30) Server config:{{ Config} 3322 ww9157f144cabcb13c 9cLpsicoUhJ9LbXrJc35SzEEuIZwb0KpjRPStYwyEZA 1000002 HanSiPeng   0 text}
[2020/10/14 01:04:36 EDT] [INFO] (WeChatAlarmServer/config.loadServerConfig:30) Server config:{{ Config} 3322 ww9157f144cabcb13c 9cLpsicoUhJ9LbXrJc35SzEEuIZwb0KpjRPStYwyEZA 1000002 HanSiPeng   0 text}
[2020/10/14 01:04:36 EDT] [INFO] (WeChatAlarmServer/config.loadServerConfig:30) Server config:{{ Config} 3322 ww9157f144cabcb13c 9cLpsicoUhJ9LbXrJc35SzEEuIZwb0KpjRPStYwyEZA 1000002 HanSiPeng   0 text}
[2020/10/14 01:05:36 EDT] [INFO] (WeChatAlarmServer/config.loadServerConfig:30) Server config:{{ Config} 3322 ww9157f144cabcb13c 9cLpsicoUhJ9LbXrJc35SzEEuIZwb0KpjRPStYwyEZA 1000002 HanSiPeng   0 text}
[2020/10/14 01:05:36 EDT] [INFO] (WeChatAlarmServer/config.loadServerConfig:30) Server config:{{ Config} 3322 ww9157f144cabcb13c 9cLpsicoUhJ9LbXrJc35SzEEuIZwb0KpjRPStYwyEZA 1000002 HanSiPeng   0 text}
[2020/10/14 01:06:36 EDT] [INFO] (WeChatAlarmServer/config.loadServerConfig:30) Server config:{{ Config} 3322 ww9157f144cabcb13c 9cLpsicoUhJ9LbXrJc35SzEEuIZwb0KpjRPStYwyEZA 1000002 HanSiPeng   0 text}
[2020/10/14 01:06:36 EDT] [INFO] (WeChatAlarmServer/config.loadServerConfig:30) Server config:{{ Config} 3322 ww9157f144cabcb13c 9cLpsicoUhJ9LbXrJc35SzEEuIZwb0KpjRPStYwyEZA 1000002 HanSiPeng   0 text}
[2020/10/14 01:07:36 EDT] [INFO] (WeChatAlarmServer/config.loadServerConfig:30) Server config:{{ Config} 3322 ww9157f144cabcb13c 9cLpsicoUhJ9LbXrJc35SzEEuIZwb0KpjRPStYwyEZA 1000002 HanSiPeng   0 text}
[2020/10/14 01:07:36 EDT] [INFO] (WeChatAlarmServer/config.loadServerConfig:30) Server config:{{ Config} 3322 ww9157f144cabcb13c 9cLpsicoUhJ9LbXrJc35SzEEuIZwb0KpjRPStYwyEZA 1000002 HanSiPeng   0 text}
[2020/10/14 01:08:36 EDT] [INFO] (WeChatAlarmServer/config.loadServerConfig:30) Server config:{{ Config} 3322 ww9157f144cabcb13c 9cLpsicoUhJ9LbXrJc35SzEEuIZwb0KpjRPStYwyEZA 1000002 HanSiPeng   0 text}
[2020/10/14 01:08:36 EDT] [INFO] (WeChatAlarmServer/config.loadServerConfig:30) Server config:{{ Config} 3322 ww9157f144cabcb13c 9cLpsicoUhJ9LbXrJc35SzEEuIZwb0KpjRPStYwyEZA 1000002 HanSiPeng   0 text}
[2020/10/14 01:09:36 EDT] [INFO] (WeChatAlarmServer/config.loadServerConfig:30) Server config:{{ Config} 3322 ww9157f144cabcb13c 9cLpsicoUhJ9LbXrJc35SzEEuIZwb0KpjRPStYwyEZA 1000002 HanSiPeng   0 text}
[2020/10/14 01:09:36 EDT] [INFO] (WeChatAlarmServer/config.loadServerConfig:30) Server config:{{ Config} 3322 ww9157f144cabcb13c 9cLpsicoUhJ9LbXrJc35SzEEuIZwb0KpjRPStYwyEZA 1000002 HanSiPeng   0 text}
[2020/10/14 01:10:36 EDT] [INFO] (WeChatAlarmServer/config.loadServerConfig:30) Server config:{{ Config} 3322 ww9157f144cabcb13c 9cLpsicoUhJ9LbXrJc35SzEEuIZwb0KpjRPStYwyEZA 1000002 HanSiPeng   0 text}
[2020/10/14 01:10:36 EDT] [INFO] (WeChatAlarmServer/config.loadServerConfig:30) Server config:{{ Config} 3322 ww9157f144cabcb13c 9cLpsicoUhJ9LbXrJc35SzEEuIZwb0KpjRPStYwyEZA 1000002 HanSiPeng   0 text}
[2020/10/14 01:11:36 EDT] [INFO] (WeChatAlarmServer/config.loadServerConfig:30) Server config:{{ Config} 3322 ww9157f144cabcb13c 9cLpsicoUhJ9LbXrJc35SzEEuIZwb0KpjRPStYwyEZA 1000002 HanSiPeng   0 text}
[2020/10/14 01:11:36 EDT] [INFO] (WeChatAlarmServer/config.loadServerConfig:30) Server config:{{ Config} 3322 ww9157f144cabcb13c 9cLpsicoUhJ9LbXrJc35SzEEuIZwb0KpjRPStYwyEZA 1000002 HanSiPeng   0 text}
[2020/10/14 01:12:36 EDT] [INFO] (WeChatAlarmServer/config.loadServerConfig:30) Server config:{{ Config} 3322 ww9157f144cabcb13c 9cLpsicoUhJ9LbXrJc35SzEEuIZwb0KpjRPStYwyEZA 1000002 HanSiPeng   0 text}
[2020/10/14 01:12:36 EDT] [INFO] (WeChatAlarmServer/config.loadServerConfig:30) Server config:{{ Config} 3322 ww9157f144cabcb13c 9cLpsicoUhJ9LbXrJc35SzEEuIZwb0KpjRPStYwyEZA 1000002 HanSiPeng   0 text}
[2020/10/14 01:13:36 EDT] [INFO] (WeChatAlarmServer/config.loadServerConfig:30) Server config:{{ Config} 3322 ww9157f144cabcb13c 9cLpsicoUhJ9LbXrJc35SzEEuIZwb0KpjRPStYwyEZA 1000002 HanSiPeng   0 text}
[2020/10/14 01:13:36 EDT] [INFO] (WeChatAlarmServer/config.loadServerConfig:30) Server config:{{ Config} 3322 ww9157f144cabcb13c 9cLpsicoUhJ9LbXrJc35SzEEuIZwb0KpjRPStYwyEZA 1000002 HanSiPeng   0 text}
[2020/10/14 01:14:36 EDT] [INFO] (WeChatAlarmServer/config.loadServerConfig:30) Server config:{{ Config} 3322 ww9157f144cabcb13c 9cLpsicoUhJ9LbXrJc35SzEEuIZwb0KpjRPStYwyEZA 1000002 HanSiPeng   0 text}
[2020/10/14 01:14:36 EDT] [INFO] (WeChatAlarmServer/config.loadServerConfig:30) Server config:{{ Config} 3322 ww9157f144cabcb13c 9cLpsicoUhJ9LbXrJc35SzEEuIZwb0KpjRPStYwyEZA 1000002 HanSiPeng   0 text}
[2020/10/14 01:15:36 EDT] [INFO] (WeChatAlarmServer/config.loadServerConfig:30) Server config:{{ Config} 3322 ww9157f144cabcb13c 9cLpsicoUhJ9LbXrJc35SzEEuIZwb0KpjRPStYwyEZA 1000002 HanSiPeng   0 text}
[2020/10/14 01:15:36 EDT] [INFO] (WeChatAlarmServer/config.loadServerConfig:30) Server config:{{ Config} 3322 ww9157f144cabcb13c 9cLpsicoUhJ9LbXrJc35SzEEuIZwb0KpjRPStYwyEZA 1000002 HanSiPeng   0 text}
[2020/10/14 01:16:36 EDT] [INFO] (WeChatAlarmServer/config.loadServerConfig:30) Server config:{{ Config} 3322 ww9157f144cabcb13c 9cLpsicoUhJ9LbXrJc35SzEEuIZwb0KpjRPStYwyEZA 1000002 HanSiPeng   0 text}
[2020/10/14 01:16:36 EDT] [INFO] (WeChatAlarmServer/config.loadServerConfig:30) Server config:{{ Config} 3322 ww9157f144cabcb13c 9cLpsicoUhJ9LbXrJc35SzEEuIZwb0KpjRPStYwyEZA 1000002 HanSiPeng   0 text}
[2020/10/14 01:17:36 EDT] [INFO] (WeChatAlarmServer/config.loadServerConfig:30) Server config:{{ Config} 3322 ww9157f144cabcb13c 9cLpsicoUhJ9LbXrJc35SzEEuIZwb0KpjRPStYwyEZA 1000002 HanSiPeng   0 text}
[2020/10/14 01:17:36 EDT] [INFO] (WeChatAlarmServer/config.loadServerConfig:30) Server config:{{ Config} 3322 ww9157f144cabcb13c 9cLpsicoUhJ9LbXrJc35SzEEuIZwb0KpjRPStYwyEZA 1000002 HanSiPeng   0 text}
[2020/10/14 01:18:36 EDT] [INFO] (WeChatAlarmServer/config.loadServerConfig:30) Server config:{{ Config} 3322 ww9157f144cabcb13c 9cLpsicoUhJ9LbXrJc35SzEEuIZwb0KpjRPStYwyEZA 1000002 HanSiPeng   0 text}
[2020/10/14 01:18:36 EDT] [INFO] (WeChatAlarmServer/config.loadServerConfig:30) Server config:{{ Config} 3322 ww9157f144cabcb13c 9cLpsicoUhJ9LbXrJc35SzEEuIZwb0KpjRPStYwyEZA 1000002 HanSiPeng   0 text}
[2020/10/14 01:19:36 EDT] [INFO] (WeChatAlarmServer/config.loadServerConfig:30) Server config:{{ Config} 3322 ww9157f144cabcb13c 9cLpsicoUhJ9LbXrJc35SzEEuIZwb0KpjRPStYwyEZA 1000002 HanSiPeng   0 text}
[2020/10/14 01:19:36 EDT] [INFO] (WeChatAlarmServer/config.loadServerConfig:30) Server config:{{ Config} 3322 ww9157f144cabcb13c 9cLpsicoUhJ9LbXrJc35SzEEuIZwb0KpjRPStYwyEZA 1000002 HanSiPeng   0 text}
[2020/10/14 01:20:36 EDT] [INFO] (WeChatAlarmServer/config.loadServerConfig:30) Server config:{{ Config} 3322 ww9157f144cabcb13c 9cLpsicoUhJ9LbXrJc35SzEEuIZwb0KpjRPStYwyEZA 1000002 HanSiPeng   0 text}
[2020/10/14 01:20:36 EDT] [INFO] (WeChatAlarmServer/config.loadServerConfig:30) Server config:{{ Config} 3322 ww9157f144cabcb13c 9cLpsicoUhJ9LbXrJc35SzEEuIZwb0KpjRPStYwyEZA 1000002 HanSiPeng   0 text}
[2020/10/14 01:21:36 EDT] [INFO] (WeChatAlarmServer/config.loadServerConfig:30) Server config:{{ Config} 3322 ww9157f144cabcb13c 9cLpsicoUhJ9LbXrJc35SzEEuIZwb0KpjRPStYwyEZA 1000002 HanSiPeng   0 text}
[2020/10/14 01:21:36 EDT] [INFO] (WeChatAlarmServer/config.loadServerConfig:30) Server config:{{ Config} 3322 ww9157f144cabcb13c 9cLpsicoUhJ9LbXrJc35SzEEuIZwb0KpjRPStYwyEZA 1000002 HanSiPeng   0 text}
[2020/10/14 01:22:36 EDT] [INFO] (WeChatAlarmServer/config.loadServerConfig:30) Server config:{{ Config} 3322 ww9157f144cabcb13c 9cLpsicoUhJ9LbXrJc35SzEEuIZwb0KpjRPStYwyEZA 1000002 HanSiPeng   0 text}
[2020/10/14 01:22:36 EDT] [INFO] (WeChatAlarmServer/config.loadServerConfig:30) Server config:{{ Config} 3322 ww9157f144cabcb13c 9cLpsicoUhJ9LbXrJc35SzEEuIZwb0KpjRPStYwyEZA 1000002 HanSiPeng   0 text}
[2020/10/14 01:23:36 EDT] [INFO] (WeChatAlarmServer/config.loadServerConfig:30) Server config:{{ Config} 3322 ww9157f144cabcb13c 9cLpsicoUhJ9LbXrJc35SzEEuIZwb0KpjRPStYwyEZA 1000002 HanSiPeng   0 text}
[2020/10/14 01:23:36 EDT] [INFO] (WeChatAlarmServer/config.loadServerConfig:30) Server config:{{ Config} 3322 ww9157f144cabcb13c 9cLpsicoUhJ9LbXrJc35SzEEuIZwb0KpjRPStYwyEZA 1000002 HanSiPeng   0 text}
[2020/10/14 01:24:36 EDT] [INFO] (WeChatAlarmServer/config.loadServerConfig:30) Server config:{{ Config} 3322 ww9157f144cabcb13c 9cLpsicoUhJ9LbXrJc35SzEEuIZwb0KpjRPStYwyEZA 1000002 HanSiPeng   0 text}
[2020/10/14 01:24:36 EDT] [INFO] (WeChatAlarmServer/config.loadServerConfig:30) Server config:{{ Config} 3322 ww9157f144cabcb13c 9cLpsicoUhJ9LbXrJc35SzEEuIZwb0KpjRPStYwyEZA 1000002 HanSiPeng   0 text}
[2020/10/14 01:25:36 EDT] [INFO] (WeChatAlarmServer/config.loadServerConfig:30) Server config:{{ Config} 3322 ww9157f144cabcb13c 9cLpsicoUhJ9LbXrJc35SzEEuIZwb0KpjRPStYwyEZA 1000002 HanSiPeng   0 text}
[2020/10/14 01:25:36 EDT] [INFO] (WeChatAlarmServer/config.loadServerConfig:30) Server config:{{ Config} 3322 ww9157f144cabcb13c 9cLpsicoUhJ9LbXrJc35SzEEuIZwb0KpjRPStYwyEZA 1000002 HanSiPeng   0 text}
[2020/10/14 01:26:36 EDT] [INFO] (WeChatAlarmServer/config.loadServerConfig:30) Server config:{{ Config} 3322 ww9157f144cabcb13c 9cLpsicoUhJ9LbXrJc35SzEEuIZwb0KpjRPStYwyEZA 1000002 HanSiPeng   0 text}
[2020/10/14 01:26:36 EDT] [INFO] (WeChatAlarmServer/config.loadServerConfig:30) Server config:{{ Config} 3322 ww9157f144cabcb13c 9cLpsicoUhJ9LbXrJc35SzEEuIZwb0KpjRPStYwyEZA 1000002 HanSiPeng   0 text}
[2020/10/14 01:27:36 EDT] [INFO] (WeChatAlarmServer/config.loadServerConfig:30) Server config:{{ Config} 3322 ww9157f144cabcb13c 9cLpsicoUhJ9LbXrJc35SzEEuIZwb0KpjRPStYwyEZA 1000002 HanSiPeng   0 text}
[2020/10/14 01:27:36 EDT] [INFO] (WeChatAlarmServer/config.loadServerConfig:30) Server config:{{ Config} 3322 ww9157f144cabcb13c 9cLpsicoUhJ9LbXrJc35SzEEuIZwb0KpjRPStYwyEZA 1000002 HanSiPeng   0 text}
[2020/10/14 01:28:36 EDT] [INFO] (WeChatAlarmServer/config.loadServerConfig:30) Server config:{{ Config} 3322 ww9157f144cabcb13c 9cLpsicoUhJ9LbXrJc35SzEEuIZwb0KpjRPStYwyEZA 1000002 HanSiPeng   0 text}
[2020/10/14 01:28:36 EDT] [INFO] (WeChatAlarmServer/config.loadServerConfig:30) Server config:{{ Config} 3322 ww9157f144cabcb13c 9cLpsicoUhJ9LbXrJc35SzEEuIZwb0KpjRPStYwyEZA 1000002 HanSiPeng   0 text}
[2020/10/14 01:29:36 EDT] [INFO] (WeChatAlarmServer/config.loadServerConfig:30) Server config:{{ Config} 3322 ww9157f144cabcb13c 9cLpsicoUhJ9LbXrJc35SzEEuIZwb0KpjRPStYwyEZA 1000002 HanSiPeng   0 text}
[2020/10/14 01:29:36 EDT] [INFO] (WeChatAlarmServer/config.loadServerConfig:30) Server config:{{ Config} 3322 ww9157f144cabcb13c 9cLpsicoUhJ9LbXrJc35SzEEuIZwb0KpjRPStYwyEZA 1000002 HanSiPeng   0 text}
[2020/10/14 01:29:42 EDT] [INFO] (main.MessageHandleUrl:45) request:10.0.155.196:62926, /sndmsg?%E6%9C%9D%E8%BE%9E%E7%99%BD%E5%B8%9D%E5%BD%A9%E4%BA%91%E9%97%B4, 朝辞白帝彩云间
[2020/10/14 01:29:42 EDT] [INFO] (WeChatAlarmServer/config.loadServerConfig:30) Server config:{{ Config} 3322 ww9157f144cabcb13c 9cLpsicoUhJ9LbXrJc35SzEEuIZwb0KpjRPStYwyEZA 1000002 HanSiPeng   0 text}
[2020/10/14 01:29:42 EDT] [INFO] (WeChatAlarmServer/config.loadServerConfig:30) Server config:{{ Config} 3322 ww9157f144cabcb13c 9cLpsicoUhJ9LbXrJc35SzEEuIZwb0KpjRPStYwyEZA 1000002 HanSiPeng   0 text}
[2020/10/14 01:29:42 EDT] [INFO] (WeChatAlarmServer/config.loadServerConfig:30) Server config:{{ Config} 3322 ww9157f144cabcb13c 9cLpsicoUhJ9LbXrJc35SzEEuIZwb0KpjRPStYwyEZA 1000002 HanSiPeng   0 text}
[2020/10/14 01:29:42 EDT] [INFO] (WeChatAlarmServer/config.loadServerConfig:30) Server config:{{ Config} 3322 ww9157f144cabcb13c 9cLpsicoUhJ9LbXrJc35SzEEuIZwb0KpjRPStYwyEZA 1000002 HanSiPeng   0 text}
[2020/10/14 01:29:42 EDT] [INFO] (WeChatAlarmServer/config.loadServerConfig:30) Server config:{{ Config} 3322 ww9157f144cabcb13c 9cLpsicoUhJ9LbXrJc35SzEEuIZwb0KpjRPStYwyEZA 1000002 HanSiPeng   0 text}
[2020/10/14 01:29:42 EDT] [INFO] (WeChatAlarmServer/config.loadServerConfig:30) Server config:{{ Config} 3322 ww9157f144cabcb13c 9cLpsicoUhJ9LbXrJc35SzEEuIZwb0KpjRPStYwyEZA 1000002 HanSiPeng   0 text}
[2020/10/14 01:30:36 EDT] [INFO] (WeChatAlarmServer/config.loadServerConfig:30) Server config:{{ Config} 3322 ww9157f144cabcb13c 9cLpsicoUhJ9LbXrJc35SzEEuIZwb0KpjRPStYwyEZA 1000002 HanSiPeng   0 text}
[2020/10/14 01:30:36 EDT] [INFO] (WeChatAlarmServer/config.loadServerConfig:30) Server config:{{ Config} 3322 ww9157f144cabcb13c 9cLpsicoUhJ9LbXrJc35SzEEuIZwb0KpjRPStYwyEZA 1000002 HanSiPeng   0 text}
[2020/10/14 01:31:36 EDT] [INFO] (WeChatAlarmServer/config.loadServerConfig:30) Server config:{{ Config} 3322 ww9157f144cabcb13c 9cLpsicoUhJ9LbXrJc35SzEEuIZwb0KpjRPStYwyEZA 1000002 HanSiPeng   0 text}
[2020/10/14 01:31:36 EDT] [INFO] (WeChatAlarmServer/config.loadServerConfig:30) Server config:{{ Config} 3322 ww9157f144cabcb13c 9cLpsicoUhJ9LbXrJc35SzEEuIZwb0KpjRPStYwyEZA 1000002 HanSiPeng   0 text}
[2020/10/14 01:32:36 EDT] [INFO] (WeChatAlarmServer/config.loadServerConfig:30) Server config:{{ Config} 3322 ww9157f144cabcb13c 9cLpsicoUhJ9LbXrJc35SzEEuIZwb0KpjRPStYwyEZA 1000002 HanSiPeng   0 text}
[2020/10/14 01:32:36 EDT] [INFO] (WeChatAlarmServer/config.loadServerConfig:30) Server config:{{ Config} 3322 ww9157f144cabcb13c 9cLpsicoUhJ9LbXrJc35SzEEuIZwb0KpjRPStYwyEZA 1000002 HanSiPeng   0 text}
[2020/10/14 01:33:36 EDT] [INFO] (WeChatAlarmServer/config.loadServerConfig:30) Server config:{{ Config} 3322 ww9157f144cabcb13c 9cLpsicoUhJ9LbXrJc35SzEEuIZwb0KpjRPStYwyEZA 1000002 HanSiPeng   0 text}
[2020/10/14 01:33:36 EDT] [INFO] (WeChatAlarmServer/config.loadServerConfig:30) Server config:{{ Config} 3322 ww9157f144cabcb13c 9cLpsicoUhJ9LbXrJc35SzEEuIZwb0KpjRPStYwyEZA 1000002 HanSiPeng   0 text}
[2020/10/14 01:34:36 EDT] [INFO] (WeChatAlarmServer/config.loadServerConfig:30) Server config:{{ Config} 3322 ww9157f144cabcb13c 9cLpsicoUhJ9LbXrJc35SzEEuIZwb0KpjRPStYwyEZA 1000002 HanSiPeng   0 text}
[2020/10/14 01:34:36 EDT] [INFO] (WeChatAlarmServer/config.loadServerConfig:30) Server config:{{ Config} 3322 ww9157f144cabcb13c 9cLpsicoUhJ9LbXrJc35SzEEuIZwb0KpjRPStYwyEZA 1000002 HanSiPeng   0 text}
[2020/10/14 01:35:36 EDT] [INFO] (WeChatAlarmServer/config.loadServerConfig:30) Server config:{{ Config} 3322 ww9157f144cabcb13c 9cLpsicoUhJ9LbXrJc35SzEEuIZwb0KpjRPStYwyEZA 1000002 HanSiPeng   0 text}
[2020/10/14 01:35:36 EDT] [INFO] (WeChatAlarmServer/config.loadServerConfig:30) Server config:{{ Config} 3322 ww9157f144cabcb13c 9cLpsicoUhJ9LbXrJc35SzEEuIZwb0KpjRPStYwyEZA 1000002 HanSiPeng   0 text}
[2020/10/14 01:36:36 EDT] [INFO] (WeChatAlarmServer/config.loadServerConfig:30) Server config:{{ Config} 3322 ww9157f144cabcb13c 9cLpsicoUhJ9LbXrJc35SzEEuIZwb0KpjRPStYwyEZA 1000002 HanSiPeng   0 text}
[2020/10/14 01:36:36 EDT] [INFO] (WeChatAlarmServer/config.loadServerConfig:30) Server config:{{ Config} 3322 ww9157f144cabcb13c 9cLpsicoUhJ9LbXrJc35SzEEuIZwb0KpjRPStYwyEZA 1000002 HanSiPeng   0 text}
[2020/10/14 01:37:36 EDT] [INFO] (WeChatAlarmServer/config.loadServerConfig:30) Server config:{{ Config} 3322 ww9157f144cabcb13c 9cLpsicoUhJ9LbXrJc35SzEEuIZwb0KpjRPStYwyEZA 1000002 HanSiPeng   0 text}
[2020/10/14 01:37:36 EDT] [INFO] (WeChatAlarmServer/config.loadServerConfig:30) Server config:{{ Config} 3322 ww9157f144cabcb13c 9cLpsicoUhJ9LbXrJc35SzEEuIZwb0KpjRPStYwyEZA 1000002 HanSiPeng   0 text}
[2020/10/14 01:38:36 EDT] [INFO] (WeChatAlarmServer/config.loadServerConfig:30) Server config:{{ Config} 3322 ww9157f144cabcb13c 9cLpsicoUhJ9LbXrJc35SzEEuIZwb0KpjRPStYwyEZA 1000002 HanSiPeng   0 text}
[2020/10/14 01:38:36 EDT] [INFO] (WeChatAlarmServer/config.loadServerConfig:30) Server config:{{ Config} 3322 ww9157f144cabcb13c 9cLpsicoUhJ9LbXrJc35SzEEuIZwb0KpjRPStYwyEZA 1000002 HanSiPeng   0 text}
[2020/10/14 01:39:36 EDT] [INFO] (WeChatAlarmServer/config.loadServerConfig:30) Server config:{{ Config} 3322 ww9157f144cabcb13c 9cLpsicoUhJ9LbXrJc35SzEEuIZwb0KpjRPStYwyEZA 1000002 HanSiPeng   0 text}
[2020/10/14 01:39:36 EDT] [INFO] (WeChatAlarmServer/config.loadServerConfig:30) Server config:{{ Config} 3322 ww9157f144cabcb13c 9cLpsicoUhJ9LbXrJc35SzEEuIZwb0KpjRPStYwyEZA 1000002 HanSiPeng   0 text}
[2020/10/14 01:40:36 EDT] [INFO] (WeChatAlarmServer/config.loadServerConfig:30) Server config:{{ Config} 3322 ww9157f144cabcb13c 9cLpsicoUhJ9LbXrJc35SzEEuIZwb0KpjRPStYwyEZA 1000002 HanSiPeng   0 text}
[2020/10/14 01:40:36 EDT] [INFO] (WeChatAlarmServer/config.loadServerConfig:30) Server config:{{ Config} 3322 ww9157f144cabcb13c 9cLpsicoUhJ9LbXrJc35SzEEuIZwb0KpjRPStYwyEZA 1000002 HanSiPeng   0 text}
[2020/10/14 01:41:36 EDT] [INFO] (WeChatAlarmServer/config.loadServerConfig:30) Server config:{{ Config} 3322 ww9157f144cabcb13c 9cLpsicoUhJ9LbXrJc35SzEEuIZwb0KpjRPStYwyEZA 1000002 HanSiPeng   0 text}
[2020/10/14 01:41:36 EDT] [INFO] (WeChatAlarmServer/config.loadServerConfig:30) Server config:{{ Config} 3322 ww9157f144cabcb13c 9cLpsicoUhJ9LbXrJc35SzEEuIZwb0KpjRPStYwyEZA 1000002 HanSiPeng   0 text}
[2020/10/14 01:42:36 EDT] [INFO] (WeChatAlarmServer/config.loadServerConfig:30) Server config:{{ Config} 3322 ww9157f144cabcb13c 9cLpsicoUhJ9LbXrJc35SzEEuIZwb0KpjRPStYwyEZA 1000002 HanSiPeng   0 text}
[2020/10/14 01:42:36 EDT] [INFO] (WeChatAlarmServer/config.loadServerConfig:30) Server config:{{ Config} 3322 ww9157f144cabcb13c 9cLpsicoUhJ9LbXrJc35SzEEuIZwb0KpjRPStYwyEZA 1000002 HanSiPeng   0 text}
[2020/10/14 01:43:36 EDT] [INFO] (WeChatAlarmServer/config.loadServerConfig:30) Server config:{{ Config} 3322 ww9157f144cabcb13c 9cLpsicoUhJ9LbXrJc35SzEEuIZwb0KpjRPStYwyEZA 1000002 HanSiPeng   0 text}
[2020/10/14 01:43:36 EDT] [INFO] (WeChatAlarmServer/config.loadServerConfig:30) Server config:{{ Config} 3322 ww9157f144cabcb13c 9cLpsicoUhJ9LbXrJc35SzEEuIZwb0KpjRPStYwyEZA 1000002 HanSiPeng   0 text}
[2020/10/14 01:44:36 EDT] [INFO] (WeChatAlarmServer/config.loadServerConfig:30) Server config:{{ Config} 3322 ww9157f144cabcb13c 9cLpsicoUhJ9LbXrJc35SzEEuIZwb0KpjRPStYwyEZA 1000002 HanSiPeng   0 text}
[2020/10/14 01:44:36 EDT] [INFO] (WeChatAlarmServer/config.loadServerConfig:30) Server config:{{ Config} 3322 ww9157f144cabcb13c 9cLpsicoUhJ9LbXrJc35SzEEuIZwb0KpjRPStYwyEZA 1000002 HanSiPeng   0 text}
[2020/10/14 01:45:36 EDT] [INFO] (WeChatAlarmServer/config.loadServerConfig:30) Server config:{{ Config} 3322 ww9157f144cabcb13c 9cLpsicoUhJ9LbXrJc35SzEEuIZwb0KpjRPStYwyEZA 1000002 HanSiPeng   0 text}
[2020/10/14 01:45:36 EDT] [INFO] (WeChatAlarmServer/config.loadServerConfig:30) Server config:{{ Config} 3322 ww9157f144cabcb13c 9cLpsicoUhJ9LbXrJc35SzEEuIZwb0KpjRPStYwyEZA 1000002 HanSiPeng   0 text}
[2020/10/14 01:46:36 EDT] [INFO] (WeChatAlarmServer/config.loadServerConfig:30) Server config:{{ Config} 3322 ww9157f144cabcb13c 9cLpsicoUhJ9LbXrJc35SzEEuIZwb0KpjRPStYwyEZA 1000002 HanSiPeng   0 text}
[2020/10/14 01:46:36 EDT] [INFO] (WeChatAlarmServer/config.loadServerConfig:30) Server config:{{ Config} 3322 ww9157f144cabcb13c 9cLpsicoUhJ9LbXrJc35SzEEuIZwb0KpjRPStYwyEZA 1000002 HanSiPeng   0 text}
[2020/10/14 01:47:36 EDT] [INFO] (WeChatAlarmServer/config.loadServerConfig:30) Server config:{{ Config} 3322 ww9157f144cabcb13c 9cLpsicoUhJ9LbXrJc35SzEEuIZwb0KpjRPStYwyEZA 1000002 HanSiPeng   0 text}
[2020/10/14 01:47:36 EDT] [INFO] (WeChatAlarmServer/config.loadServerConfig:30) Server config:{{ Config} 3322 ww9157f144cabcb13c 9cLpsicoUhJ9LbXrJc35SzEEuIZwb0KpjRPStYwyEZA 1000002 HanSiPeng   0 text}
[2020/10/14 01:48:36 EDT] [INFO] (WeChatAlarmServer/config.loadServerConfig:30) Server config:{{ Config} 3322 ww9157f144cabcb13c 9cLpsicoUhJ9LbXrJc35SzEEuIZwb0KpjRPStYwyEZA 1000002 HanSiPeng   0 text}
[2020/10/14 01:48:36 EDT] [INFO] (WeChatAlarmServer/config.loadServerConfig:30) Server config:{{ Config} 3322 ww9157f144cabcb13c 9cLpsicoUhJ9LbXrJc35SzEEuIZwb0KpjRPStYwyEZA 1000002 HanSiPeng   0 text}
[2020/10/14 01:49:36 EDT] [INFO] (WeChatAlarmServer/config.loadServerConfig:30) Server config:{{ Config} 3322 ww9157f144cabcb13c 9cLpsicoUhJ9LbXrJc35SzEEuIZwb0KpjRPStYwyEZA 1000002 HanSiPeng   0 text}
[2020/10/14 01:49:36 EDT] [INFO] (WeChatAlarmServer/config.loadServerConfig:30) Server config:{{ Config} 3322 ww9157f144cabcb13c 9cLpsicoUhJ9LbXrJc35SzEEuIZwb0KpjRPStYwyEZA 1000002 HanSiPeng   0 text}
[2020/10/14 01:50:36 EDT] [INFO] (WeChatAlarmServer/config.loadServerConfig:30) Server config:{{ Config} 3322 ww9157f144cabcb13c 9cLpsicoUhJ9LbXrJc35SzEEuIZwb0KpjRPStYwyEZA 1000002 HanSiPeng   0 text}
[2020/10/14 01:50:36 EDT] [INFO] (WeChatAlarmServer/config.loadServerConfig:30) Server config:{{ Config} 3322 ww9157f144cabcb13c 9cLpsicoUhJ9LbXrJc35SzEEuIZwb0KpjRPStYwyEZA 1000002 HanSiPeng   0 text}
[2020/10/14 01:51:36 EDT] [INFO] (WeChatAlarmServer/config.loadServerConfig:30) Server config:{{ Config} 3322 ww9157f144cabcb13c 9cLpsicoUhJ9LbXrJc35SzEEuIZwb0KpjRPStYwyEZA 1000002 HanSiPeng   0 text}
[2020/10/14 01:51:36 EDT] [INFO] (WeChatAlarmServer/config.loadServerConfig:30) Server config:{{ Config} 3322 ww9157f144cabcb13c 9cLpsicoUhJ9LbXrJc35SzEEuIZwb0KpjRPStYwyEZA 1000002 HanSiPeng   0 text}
[2020/10/14 01:52:36 EDT] [INFO] (WeChatAlarmServer/config.loadServerConfig:30) Server config:{{ Config} 3322 ww9157f144cabcb13c 9cLpsicoUhJ9LbXrJc35SzEEuIZwb0KpjRPStYwyEZA 1000002 HanSiPeng   0 text}
[2020/10/14 01:52:36 EDT] [INFO] (WeChatAlarmServer/config.loadServerConfig:30) Server config:{{ Config} 3322 ww9157f144cabcb13c 9cLpsicoUhJ9LbXrJc35SzEEuIZwb0KpjRPStYwyEZA 1000002 HanSiPeng   0 text}
[2020/10/14 01:53:36 EDT] [INFO] (WeChatAlarmServer/config.loadServerConfig:30) Server config:{{ Config} 3322 ww9157f144cabcb13c 9cLpsicoUhJ9LbXrJc35SzEEuIZwb0KpjRPStYwyEZA 1000002 HanSiPeng   0 text}
[2020/10/14 01:53:36 EDT] [INFO] (WeChatAlarmServer/config.loadServerConfig:30) Server config:{{ Config} 3322 ww9157f144cabcb13c 9cLpsicoUhJ9LbXrJc35SzEEuIZwb0KpjRPStYwyEZA 1000002 HanSiPeng   0 text}
[2020/10/14 01:54:36 EDT] [INFO] (WeChatAlarmServer/config.loadServerConfig:30) Server config:{{ Config} 3322 ww9157f144cabcb13c 9cLpsicoUhJ9LbXrJc35SzEEuIZwb0KpjRPStYwyEZA 1000002 HanSiPeng   0 text}
[2020/10/14 01:54:36 EDT] [INFO] (WeChatAlarmServer/config.loadServerConfig:30) Server config:{{ Config} 3322 ww9157f144cabcb13c 9cLpsicoUhJ9LbXrJc35SzEEuIZwb0KpjRPStYwyEZA 1000002 HanSiPeng   0 text}
[2020/10/14 01:55:36 EDT] [INFO] (WeChatAlarmServer/config.loadServerConfig:30) Server config:{{ Config} 3322 ww9157f144cabcb13c 9cLpsicoUhJ9LbXrJc35SzEEuIZwb0KpjRPStYwyEZA 1000002 HanSiPeng   0 text}
[2020/10/14 01:55:36 EDT] [INFO] (WeChatAlarmServer/config.loadServerConfig:30) Server config:{{ Config} 3322 ww9157f144cabcb13c 9cLpsicoUhJ9LbXrJc35SzEEuIZwb0KpjRPStYwyEZA 1000002 HanSiPeng   0 text}
[2020/10/14 01:56:36 EDT] [INFO] (WeChatAlarmServer/config.loadServerConfig:30) Server config:{{ Config} 3322 ww9157f144cabcb13c 9cLpsicoUhJ9LbXrJc35SzEEuIZwb0KpjRPStYwyEZA 1000002 HanSiPeng   0 text}
[2020/10/14 01:56:36 EDT] [INFO] (WeChatAlarmServer/config.loadServerConfig:30) Server config:{{ Config} 3322 ww9157f144cabcb13c 9cLpsicoUhJ9LbXrJc35SzEEuIZwb0KpjRPStYwyEZA 1000002 HanSiPeng   0 text}
[2020/10/14 01:57:36 EDT] [INFO] (WeChatAlarmServer/config.loadServerConfig:30) Server config:{{ Config} 3322 ww9157f144cabcb13c 9cLpsicoUhJ9LbXrJc35SzEEuIZwb0KpjRPStYwyEZA 1000002 HanSiPeng   0 text}
[2020/10/14 01:57:36 EDT] [INFO] (WeChatAlarmServer/config.loadServerConfig:30) Server config:{{ Config} 3322 ww9157f144cabcb13c 9cLpsicoUhJ9LbXrJc35SzEEuIZwb0KpjRPStYwyEZA 1000002 HanSiPeng   0 text}
[2020/10/14 01:58:36 EDT] [INFO] (WeChatAlarmServer/config.loadServerConfig:30) Server config:{{ Config} 3322 ww9157f144cabcb13c 9cLpsicoUhJ9LbXrJc35SzEEuIZwb0KpjRPStYwyEZA 1000002 HanSiPeng   0 text}
[2020/10/14 01:58:36 EDT] [INFO] (WeChatAlarmServer/config.loadServerConfig:30) Server config:{{ Config} 3322 ww9157f144cabcb13c 9cLpsicoUhJ9LbXrJc35SzEEuIZwb0KpjRPStYwyEZA 1000002 HanSiPeng   0 text}
[2020/10/14 01:59:36 EDT] [INFO] (WeChatAlarmServer/config.loadServerConfig:30) Server config:{{ Config} 3322 ww9157f144cabcb13c 9cLpsicoUhJ9LbXrJc35SzEEuIZwb0KpjRPStYwyEZA 1000002 HanSiPeng   0 text}
[2020/10/14 01:59:36 EDT] [INFO] (WeChatAlarmServer/config.loadServerConfig:30) Server config:{{ Config} 3322 ww9157f144cabcb13c 9cLpsicoUhJ9LbXrJc35SzEEuIZwb0KpjRPStYwyEZA 1000002 HanSiPeng   0 text}
[2020/10/14 02:00:36 EDT] [INFO] (WeChatAlarmServer/config.loadServerConfig:30) Server config:{{ Config} 3322 ww9157f144cabcb13c 9cLpsicoUhJ9LbXrJc35SzEEuIZwb0KpjRPStYwyEZA 1000002 HanSiPeng   0 text}
[2020/10/14 02:00:36 EDT] [INFO] (WeChatAlarmServer/config.loadServerConfig:30) Server config:{{ Config} 3322 ww9157f144cabcb13c 9cLpsicoUhJ9LbXrJc35SzEEuIZwb0KpjRPStYwyEZA 1000002 HanSiPeng   0 text}
[2020/10/14 02:01:36 EDT] [INFO] (WeChatAlarmServer/config.loadServerConfig:30) Server config:{{ Config} 3322 ww9157f144cabcb13c 9cLpsicoUhJ9LbXrJc35SzEEuIZwb0KpjRPStYwyEZA 1000002 HanSiPeng   0 text}
[2020/10/14 02:01:36 EDT] [INFO] (WeChatAlarmServer/config.loadServerConfig:30) Server config:{{ Config} 3322 ww9157f144cabcb13c 9cLpsicoUhJ9LbXrJc35SzEEuIZwb0KpjRPStYwyEZA 1000002 HanSiPeng   0 text}
[2020/10/14 02:02:36 EDT] [INFO] (WeChatAlarmServer/config.loadServerConfig:30) Server config:{{ Config} 3322 ww9157f144cabcb13c 9cLpsicoUhJ9LbXrJc35SzEEuIZwb0KpjRPStYwyEZA 1000002 HanSiPeng   0 text}
[2020/10/14 02:02:36 EDT] [INFO] (WeChatAlarmServer/config.loadServerConfig:30) Server config:{{ Config} 3322 ww9157f144cabcb13c 9cLpsicoUhJ9LbXrJc35SzEEuIZwb0KpjRPStYwyEZA 1000002 HanSiPeng   0 text}
[2020/10/14 02:03:36 EDT] [INFO] (WeChatAlarmServer/config.loadServerConfig:30) Server config:{{ Config} 3322 ww9157f144cabcb13c 9cLpsicoUhJ9LbXrJc35SzEEuIZwb0KpjRPStYwyEZA 1000002 HanSiPeng   0 text}
[2020/10/14 02:03:36 EDT] [INFO] (WeChatAlarmServer/config.loadServerConfig:30) Server config:{{ Config} 3322 ww9157f144cabcb13c 9cLpsicoUhJ9LbXrJc35SzEEuIZwb0KpjRPStYwyEZA 1000002 HanSiPeng   0 text}
[2020/10/14 02:04:36 EDT] [INFO] (WeChatAlarmServer/config.loadServerConfig:30) Server config:{{ Config} 3322 ww9157f144cabcb13c 9cLpsicoUhJ9LbXrJc35SzEEuIZwb0KpjRPStYwyEZA 1000002 HanSiPeng   0 text}
[2020/10/14 02:04:36 EDT] [INFO] (WeChatAlarmServer/config.loadServerConfig:30) Server config:{{ Config} 3322 ww9157f144cabcb13c 9cLpsicoUhJ9LbXrJc35SzEEuIZwb0KpjRPStYwyEZA 1000002 HanSiPeng   0 text}
[2020/10/14 02:05:36 EDT] [INFO] (WeChatAlarmServer/config.loadServerConfig:30) Server config:{{ Config} 3322 ww9157f144cabcb13c 9cLpsicoUhJ9LbXrJc35SzEEuIZwb0KpjRPStYwyEZA 1000002 HanSiPeng   0 text}
[2020/10/14 02:05:36 EDT] [INFO] (WeChatAlarmServer/config.loadServerConfig:30) Server config:{{ Config} 3322 ww9157f144cabcb13c 9cLpsicoUhJ9LbXrJc35SzEEuIZwb0KpjRPStYwyEZA 1000002 HanSiPeng   0 text}
[2020/10/14 02:06:36 EDT] [INFO] (WeChatAlarmServer/config.loadServerConfig:30) Server config:{{ Config} 3322 ww9157f144cabcb13c 9cLpsicoUhJ9LbXrJc35SzEEuIZwb0KpjRPStYwyEZA 1000002 HanSiPeng   0 text}
[2020/10/14 02:06:36 EDT] [INFO] (WeChatAlarmServer/config.loadServerConfig:30) Server config:{{ Config} 3322 ww9157f144cabcb13c 9cLpsicoUhJ9LbXrJc35SzEEuIZwb0KpjRPStYwyEZA 1000002 HanSiPeng   0 text}
[2020/10/14 02:07:36 EDT] [INFO] (WeChatAlarmServer/config.loadServerConfig:30) Server config:{{ Config} 3322 ww9157f144cabcb13c 9cLpsicoUhJ9LbXrJc35SzEEuIZwb0KpjRPStYwyEZA 1000002 HanSiPeng   0 text}
[2020/10/14 02:07:36 EDT] [INFO] (WeChatAlarmServer/config.loadServerConfig:30) Server config:{{ Config} 3322 ww9157f144cabcb13c 9cLpsicoUhJ9LbXrJc35SzEEuIZwb0KpjRPStYwyEZA 1000002 HanSiPeng   0 text}
[2020/10/14 02:08:36 EDT] [INFO] (WeChatAlarmServer/config.loadServerConfig:30) Server config:{{ Config} 3322 ww9157f144cabcb13c 9cLpsicoUhJ9LbXrJc35SzEEuIZwb0KpjRPStYwyEZA 1000002 HanSiPeng   0 text}
[2020/10/14 02:08:36 EDT] [INFO] (WeChatAlarmServer/config.loadServerConfig:30) Server config:{{ Config} 3322 ww9157f144cabcb13c 9cLpsicoUhJ9LbXrJc35SzEEuIZwb0KpjRPStYwyEZA 1000002 HanSiPeng   0 text}
[2020/10/14 02:09:36 EDT] [INFO] (WeChatAlarmServer/config.loadServerConfig:30) Server config:{{ Config} 3322 ww9157f144cabcb13c 9cLpsicoUhJ9LbXrJc35SzEEuIZwb0KpjRPStYwyEZA 1000002 HanSiPeng   0 text}
[2020/10/14 02:09:36 EDT] [INFO] (WeChatAlarmServer/config.loadServerConfig:30) Server config:{{ Config} 3322 ww9157f144cabcb13c 9cLpsicoUhJ9LbXrJc35SzEEuIZwb0KpjRPStYwyEZA 1000002 HanSiPeng   0 text}
[2020/10/14 02:10:36 EDT] [INFO] (WeChatAlarmServer/config.loadServerConfig:30) Server config:{{ Config} 3322 ww9157f144cabcb13c 9cLpsicoUhJ9LbXrJc35SzEEuIZwb0KpjRPStYwyEZA 1000002 HanSiPeng   0 text}
[2020/10/14 02:10:36 EDT] [INFO] (WeChatAlarmServer/config.loadServerConfig:30) Server config:{{ Config} 3322 ww9157f144cabcb13c 9cLpsicoUhJ9LbXrJc35SzEEuIZwb0KpjRPStYwyEZA 1000002 HanSiPeng   0 text}
[2020/10/14 02:11:36 EDT] [INFO] (WeChatAlarmServer/config.loadServerConfig:30) Server config:{{ Config} 3322 ww9157f144cabcb13c 9cLpsicoUhJ9LbXrJc35SzEEuIZwb0KpjRPStYwyEZA 1000002 HanSiPeng   0 text}
[2020/10/14 02:11:36 EDT] [INFO] (WeChatAlarmServer/config.loadServerConfig:30) Server config:{{ Config} 3322 ww9157f144cabcb13c 9cLpsicoUhJ9LbXrJc35SzEEuIZwb0KpjRPStYwyEZA 1000002 HanSiPeng   0 text}
[2020/10/14 02:12:36 EDT] [INFO] (WeChatAlarmServer/config.loadServerConfig:30) Server config:{{ Config} 3322 ww9157f144cabcb13c 9cLpsicoUhJ9LbXrJc35SzEEuIZwb0KpjRPStYwyEZA 1000002 HanSiPeng   0 text}
[2020/10/14 02:12:36 EDT] [INFO] (WeChatAlarmServer/config.loadServerConfig:30) Server config:{{ Config} 3322 ww9157f144cabcb13c 9cLpsicoUhJ9LbXrJc35SzEEuIZwb0KpjRPStYwyEZA 1000002 HanSiPeng   0 text}
[2020/10/14 02:13:36 EDT] [INFO] (WeChatAlarmServer/config.loadServerConfig:30) Server config:{{ Config} 3322 ww9157f144cabcb13c 9cLpsicoUhJ9LbXrJc35SzEEuIZwb0KpjRPStYwyEZA 1000002 HanSiPeng   0 text}
[2020/10/14 02:13:36 EDT] [INFO] (WeChatAlarmServer/config.loadServerConfig:30) Server config:{{ Config} 3322 ww9157f144cabcb13c 9cLpsicoUhJ9LbXrJc35SzEEuIZwb0KpjRPStYwyEZA 1000002 HanSiPeng   0 text}
[2020/10/14 02:14:36 EDT] [INFO] (WeChatAlarmServer/config.loadServerConfig:30) Server config:{{ Config} 3322 ww9157f144cabcb13c 9cLpsicoUhJ9LbXrJc35SzEEuIZwb0KpjRPStYwyEZA 1000002 HanSiPeng   0 text}
[2020/10/14 02:14:36 EDT] [INFO] (WeChatAlarmServer/config.loadServerConfig:30) Server config:{{ Config} 3322 ww9157f144cabcb13c 9cLpsicoUhJ9LbXrJc35SzEEuIZwb0KpjRPStYwyEZA 1000002 HanSiPeng   0 text}
[2020/10/14 02:15:36 EDT] [INFO] (WeChatAlarmServer/config.loadServerConfig:30) Server config:{{ Config} 3322 ww9157f144cabcb13c 9cLpsicoUhJ9LbXrJc35SzEEuIZwb0KpjRPStYwyEZA 1000002 HanSiPeng   0 text}
[2020/10/14 02:15:36 EDT] [INFO] (WeChatAlarmServer/config.loadServerConfig:30) Server config:{{ Config} 3322 ww9157f144cabcb13c 9cLpsicoUhJ9LbXrJc35SzEEuIZwb0KpjRPStYwyEZA 1000002 HanSiPeng   0 text}
[2020/10/14 02:16:36 EDT] [INFO] (WeChatAlarmServer/config.loadServerConfig:30) Server config:{{ Config} 3322 ww9157f144cabcb13c 9cLpsicoUhJ9LbXrJc35SzEEuIZwb0KpjRPStYwyEZA 1000002 HanSiPeng   0 text}
[2020/10/14 02:16:36 EDT] [INFO] (WeChatAlarmServer/config.loadServerConfig:30) Server config:{{ Config} 3322 ww9157f144cabcb13c 9cLpsicoUhJ9LbXrJc35SzEEuIZwb0KpjRPStYwyEZA 1000002 HanSiPeng   0 text}
[2020/10/14 02:17:36 EDT] [INFO] (WeChatAlarmServer/config.loadServerConfig:30) Server config:{{ Config} 3322 ww9157f144cabcb13c 9cLpsicoUhJ9LbXrJc35SzEEuIZwb0KpjRPStYwyEZA 1000002 HanSiPeng   0 text}
[2020/10/14 02:17:36 EDT] [INFO] (WeChatAlarmServer/config.loadServerConfig:30) Server config:{{ Config} 3322 ww9157f144cabcb13c 9cLpsicoUhJ9LbXrJc35SzEEuIZwb0KpjRPStYwyEZA 1000002 HanSiPeng   0 text}
[2020/10/14 02:18:36 EDT] [INFO] (WeChatAlarmServer/config.loadServerConfig:30) Server config:{{ Config} 3322 ww9157f144cabcb13c 9cLpsicoUhJ9LbXrJc35SzEEuIZwb0KpjRPStYwyEZA 1000002 HanSiPeng   0 text}
[2020/10/14 02:18:36 EDT] [INFO] (WeChatAlarmServer/config.loadServerConfig:30) Server config:{{ Config} 3322 ww9157f144cabcb13c 9cLpsicoUhJ9LbXrJc35SzEEuIZwb0KpjRPStYwyEZA 1000002 HanSiPeng   0 text}
[2020/10/14 02:19:36 EDT] [INFO] (WeChatAlarmServer/config.loadServerConfig:30) Server config:{{ Config} 3322 ww9157f144cabcb13c 9cLpsicoUhJ9LbXrJc35SzEEuIZwb0KpjRPStYwyEZA 1000002 HanSiPeng   0 text}
[2020/10/14 02:19:36 EDT] [INFO] (WeChatAlarmServer/config.loadServerConfig:30) Server config:{{ Config} 3322 ww9157f144cabcb13c 9cLpsicoUhJ9LbXrJc35SzEEuIZwb0KpjRPStYwyEZA 1000002 HanSiPeng   0 text}
[2020/10/14 02:20:36 EDT] [INFO] (WeChatAlarmServer/config.loadServerConfig:30) Server config:{{ Config} 3322 ww9157f144cabcb13c 9cLpsicoUhJ9LbXrJc35SzEEuIZwb0KpjRPStYwyEZA 1000002 HanSiPeng   0 text}
[2020/10/14 02:20:36 EDT] [INFO] (WeChatAlarmServer/config.loadServerConfig:30) Server config:{{ Config} 3322 ww9157f144cabcb13c 9cLpsicoUhJ9LbXrJc35SzEEuIZwb0KpjRPStYwyEZA 1000002 HanSiPeng   0 text}
[2020/10/14 02:21:36 EDT] [INFO] (WeChatAlarmServer/config.loadServerConfig:30) Server config:{{ Config} 3322 ww9157f144cabcb13c 9cLpsicoUhJ9LbXrJc35SzEEuIZwb0KpjRPStYwyEZA 1000002 HanSiPeng   0 text}
[2020/10/14 02:21:36 EDT] [INFO] (WeChatAlarmServer/config.loadServerConfig:30) Server config:{{ Config} 3322 ww9157f144cabcb13c 9cLpsicoUhJ9LbXrJc35SzEEuIZwb0KpjRPStYwyEZA 1000002 HanSiPeng   0 text}
[2020/10/14 02:22:36 EDT] [INFO] (WeChatAlarmServer/config.loadServerConfig:30) Server config:{{ Config} 3322 ww9157f144cabcb13c 9cLpsicoUhJ9LbXrJc35SzEEuIZwb0KpjRPStYwyEZA 1000002 HanSiPeng   0 text}
[2020/10/14 02:22:36 EDT] [INFO] (WeChatAlarmServer/config.loadServerConfig:30) Server config:{{ Config} 3322 ww9157f144cabcb13c 9cLpsicoUhJ9LbXrJc35SzEEuIZwb0KpjRPStYwyEZA 1000002 HanSiPeng   0 text}
[2020/10/14 02:23:36 EDT] [INFO] (WeChatAlarmServer/config.loadServerConfig:30) Server config:{{ Config} 3322 ww9157f144cabcb13c 9cLpsicoUhJ9LbXrJc35SzEEuIZwb0KpjRPStYwyEZA 1000002 HanSiPeng   0 text}
[2020/10/14 02:23:36 EDT] [INFO] (WeChatAlarmServer/config.loadServerConfig:30) Server config:{{ Config} 3322 ww9157f144cabcb13c 9cLpsicoUhJ9LbXrJc35SzEEuIZwb0KpjRPStYwyEZA 1000002 HanSiPeng   0 text}
[2020/10/14 02:24:36 EDT] [INFO] (WeChatAlarmServer/config.loadServerConfig:30) Server config:{{ Config} 3322 ww9157f144cabcb13c 9cLpsicoUhJ9LbXrJc35SzEEuIZwb0KpjRPStYwyEZA 1000002 HanSiPeng   0 text}
[2020/10/14 02:24:36 EDT] [INFO] (WeChatAlarmServer/config.loadServerConfig:30) Server config:{{ Config} 3322 ww9157f144cabcb13c 9cLpsicoUhJ9LbXrJc35SzEEuIZwb0KpjRPStYwyEZA 1000002 HanSiPeng   0 text}
[2020/10/14 02:25:36 EDT] [INFO] (WeChatAlarmServer/config.loadServerConfig:30) Server config:{{ Config} 3322 ww9157f144cabcb13c 9cLpsicoUhJ9LbXrJc35SzEEuIZwb0KpjRPStYwyEZA 1000002 HanSiPeng   0 text}
[2020/10/14 02:25:36 EDT] [INFO] (WeChatAlarmServer/config.loadServerConfig:30) Server config:{{ Config} 3322 ww9157f144cabcb13c 9cLpsicoUhJ9LbXrJc35SzEEuIZwb0KpjRPStYwyEZA 1000002 HanSiPeng   0 text}
[2020/10/14 02:26:36 EDT] [INFO] (WeChatAlarmServer/config.loadServerConfig:30) Server config:{{ Config} 3322 ww9157f144cabcb13c 9cLpsicoUhJ9LbXrJc35SzEEuIZwb0KpjRPStYwyEZA 1000002 HanSiPeng   0 text}
[2020/10/14 02:26:36 EDT] [INFO] (WeChatAlarmServer/config.loadServerConfig:30) Server config:{{ Config} 3322 ww9157f144cabcb13c 9cLpsicoUhJ9LbXrJc35SzEEuIZwb0KpjRPStYwyEZA 1000002 HanSiPeng   0 text}
[2020/10/14 02:27:36 EDT] [INFO] (WeChatAlarmServer/config.loadServerConfig:30) Server config:{{ Config} 3322 ww9157f144cabcb13c 9cLpsicoUhJ9LbXrJc35SzEEuIZwb0KpjRPStYwyEZA 1000002 HanSiPeng   0 text}
[2020/10/14 02:27:36 EDT] [INFO] (WeChatAlarmServer/config.loadServerConfig:30) Server config:{{ Config} 3322 ww9157f144cabcb13c 9cLpsicoUhJ9LbXrJc35SzEEuIZwb0KpjRPStYwyEZA 1000002 HanSiPeng   0 text}
[2020/10/14 02:28:36 EDT] [INFO] (WeChatAlarmServer/config.loadServerConfig:30) Server config:{{ Config} 3322 ww9157f144cabcb13c 9cLpsicoUhJ9LbXrJc35SzEEuIZwb0KpjRPStYwyEZA 1000002 HanSiPeng   0 text}
[2020/10/14 02:28:36 EDT] [INFO] (WeChatAlarmServer/config.loadServerConfig:30) Server config:{{ Config} 3322 ww9157f144cabcb13c 9cLpsicoUhJ9LbXrJc35SzEEuIZwb0KpjRPStYwyEZA 1000002 HanSiPeng   0 text}
[2020/10/14 02:29:36 EDT] [INFO] (WeChatAlarmServer/config.loadServerConfig:30) Server config:{{ Config} 3322 ww9157f144cabcb13c 9cLpsicoUhJ9LbXrJc35SzEEuIZwb0KpjRPStYwyEZA 1000002 HanSiPeng   0 text}
[2020/10/14 02:29:36 EDT] [INFO] (WeChatAlarmServer/config.loadServerConfig:30) Server config:{{ Config} 3322 ww9157f144cabcb13c 9cLpsicoUhJ9LbXrJc35SzEEuIZwb0KpjRPStYwyEZA 1000002 HanSiPeng   0 text}
[2020/10/14 02:30:36 EDT] [INFO] (WeChatAlarmServer/config.loadServerConfig:30) Server config:{{ Config} 3322 ww9157f144cabcb13c 9cLpsicoUhJ9LbXrJc35SzEEuIZwb0KpjRPStYwyEZA 1000002 HanSiPeng   0 text}
[2020/10/14 02:30:36 EDT] [INFO] (WeChatAlarmServer/config.loadServerConfig:30) Server config:{{ Config} 3322 ww9157f144cabcb13c 9cLpsicoUhJ9LbXrJc35SzEEuIZwb0KpjRPStYwyEZA 1000002 HanSiPeng   0 text}
[2020/10/14 02:31:36 EDT] [INFO] (WeChatAlarmServer/config.loadServerConfig:30) Server config:{{ Config} 3322 ww9157f144cabcb13c 9cLpsicoUhJ9LbXrJc35SzEEuIZwb0KpjRPStYwyEZA 1000002 HanSiPeng   0 text}
[2020/10/14 02:31:36 EDT] [INFO] (WeChatAlarmServer/config.loadServerConfig:30) Server config:{{ Config} 3322 ww9157f144cabcb13c 9cLpsicoUhJ9LbXrJc35SzEEuIZwb0KpjRPStYwyEZA 1000002 HanSiPeng   0 text}
[2020/10/14 02:32:36 EDT] [INFO] (WeChatAlarmServer/config.loadServerConfig:30) Server config:{{ Config} 3322 ww9157f144cabcb13c 9cLpsicoUhJ9LbXrJc35SzEEuIZwb0KpjRPStYwyEZA 1000002 HanSiPeng   0 text}
[2020/10/14 02:32:36 EDT] [INFO] (WeChatAlarmServer/config.loadServerConfig:30) Server config:{{ Config} 3322 ww9157f144cabcb13c 9cLpsicoUhJ9LbXrJc35SzEEuIZwb0KpjRPStYwyEZA 1000002 HanSiPeng   0 text}
[2020/10/14 02:33:36 EDT] [INFO] (WeChatAlarmServer/config.loadServerConfig:30) Server config:{{ Config} 3322 ww9157f144cabcb13c 9cLpsicoUhJ9LbXrJc35SzEEuIZwb0KpjRPStYwyEZA 1000002 HanSiPeng   0 text}
[2020/10/14 02:33:36 EDT] [INFO] (WeChatAlarmServer/config.loadServerConfig:30) Server config:{{ Config} 3322 ww9157f144cabcb13c 9cLpsicoUhJ9LbXrJc35SzEEuIZwb0KpjRPStYwyEZA 1000002 HanSiPeng   0 text}
[2020/10/14 02:34:36 EDT] [INFO] (WeChatAlarmServer/config.loadServerConfig:30) Server config:{{ Config} 3322 ww9157f144cabcb13c 9cLpsicoUhJ9LbXrJc35SzEEuIZwb0KpjRPStYwyEZA 1000002 HanSiPeng   0 text}
[2020/10/14 02:34:36 EDT] [INFO] (WeChatAlarmServer/config.loadServerConfig:30) Server config:{{ Config} 3322 ww9157f144cabcb13c 9cLpsicoUhJ9LbXrJc35SzEEuIZwb0KpjRPStYwyEZA 1000002 HanSiPeng   0 text}
[2020/10/14 02:35:36 EDT] [INFO] (WeChatAlarmServer/config.loadServerConfig:30) Server config:{{ Config} 3322 ww9157f144cabcb13c 9cLpsicoUhJ9LbXrJc35SzEEuIZwb0KpjRPStYwyEZA 1000002 HanSiPeng   0 text}
[2020/10/14 02:35:36 EDT] [INFO] (WeChatAlarmServer/config.loadServerConfig:30) Server config:{{ Config} 3322 ww9157f144cabcb13c 9cLpsicoUhJ9LbXrJc35SzEEuIZwb0KpjRPStYwyEZA 1000002 HanSiPeng   0 text}
[2020/10/14 02:36:36 EDT] [INFO] (WeChatAlarmServer/config.loadServerConfig:30) Server config:{{ Config} 3322 ww9157f144cabcb13c 9cLpsicoUhJ9LbXrJc35SzEEuIZwb0KpjRPStYwyEZA 1000002 HanSiPeng   0 text}
[2020/10/14 02:36:36 EDT] [INFO] (WeChatAlarmServer/config.loadServerConfig:30) Server config:{{ Config} 3322 ww9157f144cabcb13c 9cLpsicoUhJ9LbXrJc35SzEEuIZwb0KpjRPStYwyEZA 1000002 HanSiPeng   0 text}
[2020/10/14 02:37:36 EDT] [INFO] (WeChatAlarmServer/config.loadServerConfig:30) Server config:{{ Config} 3322 ww9157f144cabcb13c 9cLpsicoUhJ9LbXrJc35SzEEuIZwb0KpjRPStYwyEZA 1000002 HanSiPeng   0 text}
[2020/10/14 02:37:36 EDT] [INFO] (WeChatAlarmServer/config.loadServerConfig:30) Server config:{{ Config} 3322 ww9157f144cabcb13c 9cLpsicoUhJ9LbXrJc35SzEEuIZwb0KpjRPStYwyEZA 1000002 HanSiPeng   0 text}
[2020/10/14 02:38:36 EDT] [INFO] (WeChatAlarmServer/config.loadServerConfig:30) Server config:{{ Config} 3322 ww9157f144cabcb13c 9cLpsicoUhJ9LbXrJc35SzEEuIZwb0KpjRPStYwyEZA 1000002 HanSiPeng   0 text}
[2020/10/14 02:38:36 EDT] [INFO] (WeChatAlarmServer/config.loadServerConfig:30) Server config:{{ Config} 3322 ww9157f144cabcb13c 9cLpsicoUhJ9LbXrJc35SzEEuIZwb0KpjRPStYwyEZA 1000002 HanSiPeng   0 text}
[2020/10/14 02:39:36 EDT] [INFO] (WeChatAlarmServer/config.loadServerConfig:30) Server config:{{ Config} 3322 ww9157f144cabcb13c 9cLpsicoUhJ9LbXrJc35SzEEuIZwb0KpjRPStYwyEZA 1000002 HanSiPeng   0 text}
[2020/10/14 02:39:36 EDT] [INFO] (WeChatAlarmServer/config.loadServerConfig:30) Server config:{{ Config} 3322 ww9157f144cabcb13c 9cLpsicoUhJ9LbXrJc35SzEEuIZwb0KpjRPStYwyEZA 1000002 HanSiPeng   0 text}
[2020/10/14 02:40:36 EDT] [INFO] (WeChatAlarmServer/config.loadServerConfig:30) Server config:{{ Config} 3322 ww9157f144cabcb13c 9cLpsicoUhJ9LbXrJc35SzEEuIZwb0KpjRPStYwyEZA 1000002 HanSiPeng   0 text}
[2020/10/14 02:40:36 EDT] [INFO] (WeChatAlarmServer/config.loadServerConfig:30) Server config:{{ Config} 3322 ww9157f144cabcb13c 9cLpsicoUhJ9LbXrJc35SzEEuIZwb0KpjRPStYwyEZA 1000002 HanSiPeng   0 text}
[2020/10/14 02:41:36 EDT] [INFO] (WeChatAlarmServer/config.loadServerConfig:30) Server config:{{ Config} 3322 ww9157f144cabcb13c 9cLpsicoUhJ9LbXrJc35SzEEuIZwb0KpjRPStYwyEZA 1000002 HanSiPeng   0 text}
[2020/10/14 02:41:36 EDT] [INFO] (WeChatAlarmServer/config.loadServerConfig:30) Server config:{{ Config} 3322 ww9157f144cabcb13c 9cLpsicoUhJ9LbXrJc35SzEEuIZwb0KpjRPStYwyEZA 1000002 HanSiPeng   0 text}
[2020/10/14 02:42:36 EDT] [INFO] (WeChatAlarmServer/config.loadServerConfig:30) Server config:{{ Config} 3322 ww9157f144cabcb13c 9cLpsicoUhJ9LbXrJc35SzEEuIZwb0KpjRPStYwyEZA 1000002 HanSiPeng   0 text}
[2020/10/14 02:42:36 EDT] [INFO] (WeChatAlarmServer/config.loadServerConfig:30) Server config:{{ Config} 3322 ww9157f144cabcb13c 9cLpsicoUhJ9LbXrJc35SzEEuIZwb0KpjRPStYwyEZA 1000002 HanSiPeng   0 text}
[2020/10/14 02:43:36 EDT] [INFO] (WeChatAlarmServer/config.loadServerConfig:30) Server config:{{ Config} 3322 ww9157f144cabcb13c 9cLpsicoUhJ9LbXrJc35SzEEuIZwb0KpjRPStYwyEZA 1000002 HanSiPeng   0 text}
[2020/10/14 02:43:36 EDT] [INFO] (WeChatAlarmServer/config.loadServerConfig:30) Server config:{{ Config} 3322 ww9157f144cabcb13c 9cLpsicoUhJ9LbXrJc35SzEEuIZwb0KpjRPStYwyEZA 1000002 HanSiPeng   0 text}
[2020/10/14 02:44:36 EDT] [INFO] (WeChatAlarmServer/config.loadServerConfig:30) Server config:{{ Config} 3322 ww9157f144cabcb13c 9cLpsicoUhJ9LbXrJc35SzEEuIZwb0KpjRPStYwyEZA 1000002 HanSiPeng   0 text}
[2020/10/14 02:44:36 EDT] [INFO] (WeChatAlarmServer/config.loadServerConfig:30) Server config:{{ Config} 3322 ww9157f144cabcb13c 9cLpsicoUhJ9LbXrJc35SzEEuIZwb0KpjRPStYwyEZA 1000002 HanSiPeng   0 text}
[2020/10/14 02:45:36 EDT] [INFO] (WeChatAlarmServer/config.loadServerConfig:30) Server config:{{ Config} 3322 ww9157f144cabcb13c 9cLpsicoUhJ9LbXrJc35SzEEuIZwb0KpjRPStYwyEZA 1000002 HanSiPeng   0 text}
[2020/10/14 02:45:36 EDT] [INFO] (WeChatAlarmServer/config.loadServerConfig:30) Server config:{{ Config} 3322 ww9157f144cabcb13c 9cLpsicoUhJ9LbXrJc35SzEEuIZwb0KpjRPStYwyEZA 1000002 HanSiPeng   0 text}
[2020/10/14 02:46:36 EDT] [INFO] (WeChatAlarmServer/config.loadServerConfig:30) Server config:{{ Config} 3322 ww9157f144cabcb13c 9cLpsicoUhJ9LbXrJc35SzEEuIZwb0KpjRPStYwyEZA 1000002 HanSiPeng   0 text}
[2020/10/14 02:46:36 EDT] [INFO] (WeChatAlarmServer/config.loadServerConfig:30) Server config:{{ Config} 3322 ww9157f144cabcb13c 9cLpsicoUhJ9LbXrJc35SzEEuIZwb0KpjRPStYwyEZA 1000002 HanSiPeng   0 text}
[2020/10/14 02:47:36 EDT] [INFO] (WeChatAlarmServer/config.loadServerConfig:30) Server config:{{ Config} 3322 ww9157f144cabcb13c 9cLpsicoUhJ9LbXrJc35SzEEuIZwb0KpjRPStYwyEZA 1000002 HanSiPeng   0 text}
[2020/10/14 02:47:36 EDT] [INFO] (WeChatAlarmServer/config.loadServerConfig:30) Server config:{{ Config} 3322 ww9157f144cabcb13c 9cLpsicoUhJ9LbXrJc35SzEEuIZwb0KpjRPStYwyEZA 1000002 HanSiPeng   0 text}
[2020/10/14 02:48:36 EDT] [INFO] (WeChatAlarmServer/config.loadServerConfig:30) Server config:{{ Config} 3322 ww9157f144cabcb13c 9cLpsicoUhJ9LbXrJc35SzEEuIZwb0KpjRPStYwyEZA 1000002 HanSiPeng   0 text}
[2020/10/14 02:48:36 EDT] [INFO] (WeChatAlarmServer/config.loadServerConfig:30) Server config:{{ Config} 3322 ww9157f144cabcb13c 9cLpsicoUhJ9LbXrJc35SzEEuIZwb0KpjRPStYwyEZA 1000002 HanSiPeng   0 text}
[2020/10/14 02:49:36 EDT] [INFO] (WeChatAlarmServer/config.loadServerConfig:30) Server config:{{ Config} 3322 ww9157f144cabcb13c 9cLpsicoUhJ9LbXrJc35SzEEuIZwb0KpjRPStYwyEZA 1000002 HanSiPeng   0 text}
[2020/10/14 02:49:36 EDT] [INFO] (WeChatAlarmServer/config.loadServerConfig:30) Server config:{{ Config} 3322 ww9157f144cabcb13c 9cLpsicoUhJ9LbXrJc35SzEEuIZwb0KpjRPStYwyEZA 1000002 HanSiPeng   0 text}
[2020/10/14 02:50:36 EDT] [INFO] (WeChatAlarmServer/config.loadServerConfig:30) Server config:{{ Config} 3322 ww9157f144cabcb13c 9cLpsicoUhJ9LbXrJc35SzEEuIZwb0KpjRPStYwyEZA 1000002 HanSiPeng   0 text}
[2020/10/14 02:50:36 EDT] [INFO] (WeChatAlarmServer/config.loadServerConfig:30) Server config:{{ Config} 3322 ww9157f144cabcb13c 9cLpsicoUhJ9LbXrJc35SzEEuIZwb0KpjRPStYwyEZA 1000002 HanSiPeng   0 text}
[2020/10/14 02:51:36 EDT] [INFO] (WeChatAlarmServer/config.loadServerConfig:30) Server config:{{ Config} 3322 ww9157f144cabcb13c 9cLpsicoUhJ9LbXrJc35SzEEuIZwb0KpjRPStYwyEZA 1000002 HanSiPeng   0 text}
[2020/10/14 02:51:36 EDT] [INFO] (WeChatAlarmServer/config.loadServerConfig:30) Server config:{{ Config} 3322 ww9157f144cabcb13c 9cLpsicoUhJ9LbXrJc35SzEEuIZwb0KpjRPStYwyEZA 1000002 HanSiPeng   0 text}
[2020/10/14 02:52:36 EDT] [INFO] (WeChatAlarmServer/config.loadServerConfig:30) Server config:{{ Config} 3322 ww9157f144cabcb13c 9cLpsicoUhJ9LbXrJc35SzEEuIZwb0KpjRPStYwyEZA 1000002 HanSiPeng   0 text}
[2020/10/14 02:52:36 EDT] [INFO] (WeChatAlarmServer/config.loadServerConfig:30) Server config:{{ Config} 3322 ww9157f144cabcb13c 9cLpsicoUhJ9LbXrJc35SzEEuIZwb0KpjRPStYwyEZA 1000002 HanSiPeng   0 text}
[2020/10/14 02:53:36 EDT] [INFO] (WeChatAlarmServer/config.loadServerConfig:30) Server config:{{ Config} 3322 ww9157f144cabcb13c 9cLpsicoUhJ9LbXrJc35SzEEuIZwb0KpjRPStYwyEZA 1000002 HanSiPeng   0 text}
[2020/10/14 02:53:36 EDT] [INFO] (WeChatAlarmServer/config.loadServerConfig:30) Server config:{{ Config} 3322 ww9157f144cabcb13c 9cLpsicoUhJ9LbXrJc35SzEEuIZwb0KpjRPStYwyEZA 1000002 HanSiPeng   0 text}
